/home/nas-wks01/users/uapv2600478/.local/lib/python3.6/site-packages/tensorflow/python/framework/dtypes.py:516: FutureWarning: Passing (type, 1) or '1type' as a synonym of type is deprecated; in a future version of numpy, it will be understood as (type, (1,)) / '(1,)type'.
  _np_qint8 = np.dtype([("qint8", np.int8, 1)])
/home/nas-wks01/users/uapv2600478/.local/lib/python3.6/site-packages/tensorflow/python/framework/dtypes.py:517: FutureWarning: Passing (type, 1) or '1type' as a synonym of type is deprecated; in a future version of numpy, it will be understood as (type, (1,)) / '(1,)type'.
  _np_quint8 = np.dtype([("quint8", np.uint8, 1)])
/home/nas-wks01/users/uapv2600478/.local/lib/python3.6/site-packages/tensorflow/python/framework/dtypes.py:518: FutureWarning: Passing (type, 1) or '1type' as a synonym of type is deprecated; in a future version of numpy, it will be understood as (type, (1,)) / '(1,)type'.
  _np_qint16 = np.dtype([("qint16", np.int16, 1)])
/home/nas-wks01/users/uapv2600478/.local/lib/python3.6/site-packages/tensorflow/python/framework/dtypes.py:519: FutureWarning: Passing (type, 1) or '1type' as a synonym of type is deprecated; in a future version of numpy, it will be understood as (type, (1,)) / '(1,)type'.
  _np_quint16 = np.dtype([("quint16", np.uint16, 1)])
/home/nas-wks01/users/uapv2600478/.local/lib/python3.6/site-packages/tensorflow/python/framework/dtypes.py:520: FutureWarning: Passing (type, 1) or '1type' as a synonym of type is deprecated; in a future version of numpy, it will be understood as (type, (1,)) / '(1,)type'.
  _np_qint32 = np.dtype([("qint32", np.int32, 1)])
/home/nas-wks01/users/uapv2600478/.local/lib/python3.6/site-packages/tensorflow/python/framework/dtypes.py:525: FutureWarning: Passing (type, 1) or '1type' as a synonym of type is deprecated; in a future version of numpy, it will be understood as (type, (1,)) / '(1,)type'.
  np_resource = np.dtype([("resource", np.ubyte, 1)])
/home/nas-wks01/users/uapv2600478/.local/lib/python3.6/site-packages/tensorboard/compat/tensorflow_stub/dtypes.py:541: FutureWarning: Passing (type, 1) or '1type' as a synonym of type is deprecated; in a future version of numpy, it will be understood as (type, (1,)) / '(1,)type'.
  _np_qint8 = np.dtype([("qint8", np.int8, 1)])
/home/nas-wks01/users/uapv2600478/.local/lib/python3.6/site-packages/tensorboard/compat/tensorflow_stub/dtypes.py:542: FutureWarning: Passing (type, 1) or '1type' as a synonym of type is deprecated; in a future version of numpy, it will be understood as (type, (1,)) / '(1,)type'.
  _np_quint8 = np.dtype([("quint8", np.uint8, 1)])
/home/nas-wks01/users/uapv2600478/.local/lib/python3.6/site-packages/tensorboard/compat/tensorflow_stub/dtypes.py:543: FutureWarning: Passing (type, 1) or '1type' as a synonym of type is deprecated; in a future version of numpy, it will be understood as (type, (1,)) / '(1,)type'.
  _np_qint16 = np.dtype([("qint16", np.int16, 1)])
/home/nas-wks01/users/uapv2600478/.local/lib/python3.6/site-packages/tensorboard/compat/tensorflow_stub/dtypes.py:544: FutureWarning: Passing (type, 1) or '1type' as a synonym of type is deprecated; in a future version of numpy, it will be understood as (type, (1,)) / '(1,)type'.
  _np_quint16 = np.dtype([("quint16", np.uint16, 1)])
/home/nas-wks01/users/uapv2600478/.local/lib/python3.6/site-packages/tensorboard/compat/tensorflow_stub/dtypes.py:545: FutureWarning: Passing (type, 1) or '1type' as a synonym of type is deprecated; in a future version of numpy, it will be understood as (type, (1,)) / '(1,)type'.
  _np_qint32 = np.dtype([("qint32", np.int32, 1)])
/home/nas-wks01/users/uapv2600478/.local/lib/python3.6/site-packages/tensorboard/compat/tensorflow_stub/dtypes.py:550: FutureWarning: Passing (type, 1) or '1type' as a synonym of type is deprecated; in a future version of numpy, it will be understood as (type, (1,)) / '(1,)type'.
  np_resource = np.dtype([("resource", np.ubyte, 1)])
WARNING:tensorflow:From generate_passwords.py:29: The name tf.ConfigProto is deprecated. Please use tf.compat.v1.ConfigProto instead.

WARNING:tensorflow:From generate_passwords.py:34: The name tf.Session is deprecated. Please use tf.compat.v1.Session instead.

WARNING:tensorflow:From generate_passwords.py:35: The name tf.keras.backend.set_session is deprecated. Please use tf.compat.v1.keras.backend.set_session instead.

[WARNING] Aucun GPU detecte

Chargement vocabulaire 'vocabulary_transformer.json'...
Vocabulaire : 93 caracteres

Construction modele sur /GPU:0 ...
WARNING:tensorflow:From /home/nas-wks01/users/uapv2600478/.local/lib/python3.6/site-packages/tensorflow/python/keras/initializers.py:119: calling RandomUniform.__init__ (from tensorflow.python.ops.init_ops) with dtype is deprecated and will be removed in a future version.
Instructions for updating:
Call initializer instance with the dtype argument instead of passing it to the constructor
WARNING:tensorflow:From /home/nas-wks01/users/uapv2600478/.local/lib/python3.6/site-packages/tensorflow/python/ops/init_ops.py:1251: calling VarianceScaling.__init__ (from tensorflow.python.ops.init_ops) with dtype is deprecated and will be removed in a future version.
Instructions for updating:
Call initializer instance with the dtype argument instead of passing it to the constructor
Chargement poids 'transformer_best_model.h5'...
Warm-up GPU...
GPU pret.

Chargement train '../../Data/train.txt'...
Train : 375,853 mots de passe
Chargement eval '../../Data/eval.txt'...
Eval  : 1,999 mots de passe

Construction des pools de seeds...
  Pool seeds train : 1,078,014
  Pool seeds eval  : 1,999

=================================================================
Generation 10,000 mots de passe -> runs_2/10k.txt
  min_len=6, max_len=25, batch=2048, temps=(0.8, 1.0, 1.2, 1.4)
=================================================================
      10,000 /     10,000  |      16 pwd/s  |  625.4s  |  ETA 0s
  Fichier ecrit : runs_2/10k.txt  (0.09 MB)  en 625.5s

=================================================================
Generation 100,000 mots de passe -> runs_2/100k.txt
  min_len=6, max_len=25, batch=2048, temps=(0.8, 1.0, 1.2, 1.4)
=================================================================
      10,135 /    100,000  |      18 pwd/s  |  574.5s  |  ETA 5094s
      20,324 /    100,000  |      18 pwd/s  |  1159.8s  |  ETA 4547s
      30,353 /    100,000  |      17 pwd/s  |  1806.3s  |  ETA 4145s
      40,453 /    100,000  |      16 pwd/s  |  2452.3s  |  ETA 3610s
      50,564 /    100,000  |      17 pwd/s  |  3046.8s  |  ETA 2979s
      60,729 /    100,000  |      17 pwd/s  |  3650.7s  |  ETA 2361s
      70,770 /    100,000  |      17 pwd/s  |  4262.1s  |  ETA 1760s
      80,917 /    100,000  |      17 pwd/s  |  4857.9s  |  ETA 1146s
      91,290 /    100,000  |      17 pwd/s  |  5511.7s  |  ETA 526s
     100,000 /    100,000  |      17 pwd/s  |  6014.1s  |  ETA 0s
  Fichier ecrit : runs_2/100k.txt  (0.88 MB)  en 6014.1s

=================================================================
Generation 1,000,000 mots de passe -> runs_2/1M.txt
  min_len=6, max_len=25, batch=2048, temps=(0.8, 1.0, 1.2, 1.4)
=================================================================
      10,168 /  1,000,000  |      16 pwd/s  |  633.1s  |  ETA 61628s
      20,431 /  1,000,000  |      16 pwd/s  |  1273.7s  |  ETA 61069s
      30,625 /  1,000,000  |      16 pwd/s  |  1907.7s  |  ETA 60385s
      40,651 /  1,000,000  |      16 pwd/s  |  2505.2s  |  ETA 59122s
      51,013 /  1,000,000  |      16 pwd/s  |  3133.8s  |  ETA 58298s
      61,186 /  1,000,000  |      16 pwd/s  |  3718.1s  |  ETA 57049s
      71,542 /  1,000,000  |      17 pwd/s  |  4326.4s  |  ETA 56147s
      81,871 /  1,000,000  |      17 pwd/s  |  4961.0s  |  ETA 55634s
      91,988 /  1,000,000  |      16 pwd/s  |  5598.6s  |  ETA 55264s
     102,114 /  1,000,000  |      17 pwd/s  |  6183.2s  |  ETA 54368s
     112,393 /  1,000,000  |      17 pwd/s  |  6782.8s  |  ETA 53566s
     122,599 /  1,000,000  |      17 pwd/s  |  7376.6s  |  ETA 52792s
     132,869 /  1,000,000  |      17 pwd/s  |  8017.5s  |  ETA 52324s
     143,170 /  1,000,000  |      16 pwd/s  |  8681.2s  |  ETA 51955s
     153,424 /  1,000,000  |      17 pwd/s  |  9288.1s  |  ETA 51251s
     163,445 /  1,000,000  |      17 pwd/s  |  9860.5s  |  ETA 50469s
     173,628 /  1,000,000  |      17 pwd/s  |  10421.3s  |  ETA 49599s
     183,692 /  1,000,000  |      17 pwd/s  |  11068.1s  |  ETA 49186s
     193,869 /  1,000,000  |      17 pwd/s  |  11735.7s  |  ETA 48799s
     204,324 /  1,000,000  |      16 pwd/s  |  12409.1s  |  ETA 48323s
     214,589 /  1,000,000  |      16 pwd/s  |  13097.5s  |  ETA 47938s
     224,698 /  1,000,000  |      16 pwd/s  |  13746.4s  |  ETA 47431s
     234,951 /  1,000,000  |      16 pwd/s  |  14388.5s  |  ETA 46852s
     245,272 /  1,000,000  |      16 pwd/s  |  14989.1s  |  ETA 46123s
     255,573 /  1,000,000  |      16 pwd/s  |  15587.7s  |  ETA 45404s
     265,844 /  1,000,000  |      16 pwd/s  |  16168.0s  |  ETA 44650s
     275,956 /  1,000,000  |      16 pwd/s  |  16797.4s  |  ETA 44072s
     286,068 /  1,000,000  |      16 pwd/s  |  17372.0s  |  ETA 43355s
     296,465 /  1,000,000  |      16 pwd/s  |  18051.6s  |  ETA 42838s
     306,928 /  1,000,000  |      16 pwd/s  |  18680.1s  |  ETA 42181s
     317,369 /  1,000,000  |      16 pwd/s  |  19352.8s  |  ETA 41626s
     327,557 /  1,000,000  |      16 pwd/s  |  19964.5s  |  ETA 40985s
     337,819 /  1,000,000  |      16 pwd/s  |  20569.9s  |  ETA 40320s
     348,053 /  1,000,000  |      16 pwd/s  |  21156.6s  |  ETA 39629s
     358,206 /  1,000,000  |      16 pwd/s  |  21761.9s  |  ETA 38991s
srun: Job step aborted: Waiting up to 32 seconds for job step to finish.
slurmstepd: error: *** STEP 21457.0 ON achille CANCELLED AT 2026-04-19T17:49:56 DUE TO TIME LIMIT ***
