==========================================
Job SLURM demarre
Job ID   : 21376
Node     : achille
Date     : Sat Apr 18 09:50:26 CEST 2026
==========================================
Sat Apr 18 09:50:27 2026       
+---------------------------------------------------------------------------------------+
| NVIDIA-SMI 530.30.02              Driver Version: 530.30.02    CUDA Version: 12.1     |
|-----------------------------------------+----------------------+----------------------+
| GPU  Name                  Persistence-M| Bus-Id        Disp.A | Volatile Uncorr. ECC |
| Fan  Temp  Perf            Pwr:Usage/Cap|         Memory-Usage | GPU-Util  Compute M. |
|                                         |                      |               MIG M. |
|=========================================+======================+======================|
|   0  Tesla P100-PCIE-16GB            Off| 00000000:3B:00.0 Off |                    0 |
| N/A   32C    P0               27W / 250W|      0MiB / 16384MiB |      1%      Default |
|                                         |                      |                  N/A |
+-----------------------------------------+----------------------+----------------------+
                                                                                         
+---------------------------------------------------------------------------------------+
| Processes:                                                                            |
|  GPU   GI   CI        PID   Type   Process name                            GPU Memory |
|        ID   ID                                                             Usage      |
|=======================================================================================|
|  No running processes found                                                           |
+---------------------------------------------------------------------------------------+
Lancement generate_passwords.py...
Heure debut : Sat Apr 18 09:50:27 CEST 2026
/home/nas-wks01/users/uapv2600478/.local/lib/python3.6/site-packages/tensorflow/python/framework/dtypes.py:516: FutureWarning: Passing (type, 1) or '1type' as a synonym of type is deprecated; in a future version of numpy, it will be understood as (type, (1,)) / '(1,)type'.
  _np_qint8 = np.dtype([("qint8", np.int8, 1)])
/home/nas-wks01/users/uapv2600478/.local/lib/python3.6/site-packages/tensorflow/python/framework/dtypes.py:517: FutureWarning: Passing (type, 1) or '1type' as a synonym of type is deprecated; in a future version of numpy, it will be understood as (type, (1,)) / '(1,)type'.
  _np_quint8 = np.dtype([("quint8", np.uint8, 1)])
/home/nas-wks01/users/uapv2600478/.local/lib/python3.6/site-packages/tensorflow/python/framework/dtypes.py:518: FutureWarning: Passing (type, 1) or '1type' as a synonym of type is deprecated; in a future version of numpy, it will be understood as (type, (1,)) / '(1,)type'.
  _np_qint16 = np.dtype([("qint16", np.int16, 1)])
/home/nas-wks01/users/uapv2600478/.local/lib/python3.6/site-packages/tensorflow/python/framework/dtypes.py:519: FutureWarning: Passing (type, 1) or '1type' as a synonym of type is deprecated; in a future version of numpy, it will be understood as (type, (1,)) / '(1,)type'.
  _np_quint16 = np.dtype([("quint16", np.uint16, 1)])
/home/nas-wks01/users/uapv2600478/.local/lib/python3.6/site-packages/tensorflow/python/framework/dtypes.py:520: FutureWarning: Passing (type, 1) or '1type' as a synonym of type is deprecated; in a future version of numpy, it will be understood as (type, (1,)) / '(1,)type'.
  _np_qint32 = np.dtype([("qint32", np.int32, 1)])
/home/nas-wks01/users/uapv2600478/.local/lib/python3.6/site-packages/tensorflow/python/framework/dtypes.py:525: FutureWarning: Passing (type, 1) or '1type' as a synonym of type is deprecated; in a future version of numpy, it will be understood as (type, (1,)) / '(1,)type'.
  np_resource = np.dtype([("resource", np.ubyte, 1)])
/home/nas-wks01/users/uapv2600478/.local/lib/python3.6/site-packages/tensorboard/compat/tensorflow_stub/dtypes.py:541: FutureWarning: Passing (type, 1) or '1type' as a synonym of type is deprecated; in a future version of numpy, it will be understood as (type, (1,)) / '(1,)type'.
  _np_qint8 = np.dtype([("qint8", np.int8, 1)])
/home/nas-wks01/users/uapv2600478/.local/lib/python3.6/site-packages/tensorboard/compat/tensorflow_stub/dtypes.py:542: FutureWarning: Passing (type, 1) or '1type' as a synonym of type is deprecated; in a future version of numpy, it will be understood as (type, (1,)) / '(1,)type'.
  _np_quint8 = np.dtype([("quint8", np.uint8, 1)])
/home/nas-wks01/users/uapv2600478/.local/lib/python3.6/site-packages/tensorboard/compat/tensorflow_stub/dtypes.py:543: FutureWarning: Passing (type, 1) or '1type' as a synonym of type is deprecated; in a future version of numpy, it will be understood as (type, (1,)) / '(1,)type'.
  _np_qint16 = np.dtype([("qint16", np.int16, 1)])
/home/nas-wks01/users/uapv2600478/.local/lib/python3.6/site-packages/tensorboard/compat/tensorflow_stub/dtypes.py:544: FutureWarning: Passing (type, 1) or '1type' as a synonym of type is deprecated; in a future version of numpy, it will be understood as (type, (1,)) / '(1,)type'.
  _np_quint16 = np.dtype([("quint16", np.uint16, 1)])
/home/nas-wks01/users/uapv2600478/.local/lib/python3.6/site-packages/tensorboard/compat/tensorflow_stub/dtypes.py:545: FutureWarning: Passing (type, 1) or '1type' as a synonym of type is deprecated; in a future version of numpy, it will be understood as (type, (1,)) / '(1,)type'.
  _np_qint32 = np.dtype([("qint32", np.int32, 1)])
/home/nas-wks01/users/uapv2600478/.local/lib/python3.6/site-packages/tensorboard/compat/tensorflow_stub/dtypes.py:550: FutureWarning: Passing (type, 1) or '1type' as a synonym of type is deprecated; in a future version of numpy, it will be understood as (type, (1,)) / '(1,)type'.
  np_resource = np.dtype([("resource", np.ubyte, 1)])
WARNING:tensorflow:From generate_passwords.py:29: The name tf.ConfigProto is deprecated. Please use tf.compat.v1.ConfigProto instead.

WARNING:tensorflow:From generate_passwords.py:34: The name tf.Session is deprecated. Please use tf.compat.v1.Session instead.

WARNING:tensorflow:From generate_passwords.py:35: The name tf.keras.backend.set_session is deprecated. Please use tf.compat.v1.keras.backend.set_session instead.

[WARNING] Aucun GPU detecte

Chargement vocabulaire 'vocabulary_transformer.json'...
Vocabulaire : 95 caracteres

Construction modele sur /GPU:0 ...
WARNING:tensorflow:From /home/nas-wks01/users/uapv2600478/.local/lib/python3.6/site-packages/tensorflow/python/keras/initializers.py:119: calling RandomUniform.__init__ (from tensorflow.python.ops.init_ops) with dtype is deprecated and will be removed in a future version.
Instructions for updating:
Call initializer instance with the dtype argument instead of passing it to the constructor
WARNING:tensorflow:From /home/nas-wks01/users/uapv2600478/.local/lib/python3.6/site-packages/tensorflow/python/ops/init_ops.py:1251: calling VarianceScaling.__init__ (from tensorflow.python.ops.init_ops) with dtype is deprecated and will be removed in a future version.
Instructions for updating:
Call initializer instance with the dtype argument instead of passing it to the constructor
Chargement poids 'transformer_best_model.h5'...
Warm-up GPU...
GPU pret.

Chargement train '../../Data/train.txt'...
Train : 375,852 mots de passe
Chargement eval '../../Data/eval.txt'...
Eval  : 2,000 mots de passe

Construction des pools de seeds...
  Pool seeds train : 1,079,178
  Pool seeds eval  : 2,000

=================================================================
Generation 10,000 mots de passe -> runs_2/10k.txt
  min_len=6, max_len=20, batch=2048, temps=(0.8, 1.0, 1.2, 1.4)
=================================================================
      10,000 /     10,000  |      93 pwd/s  |  108.1s  |  ETA 0s
  Fichier ecrit : runs_2/10k.txt  (0.09 MB)  en 108.1s

=================================================================
Generation 100,000 mots de passe -> runs_2/100k.txt
  min_len=6, max_len=20, batch=2048, temps=(0.8, 1.0, 1.2, 1.4)
=================================================================
      10,150 /    100,000  |     100 pwd/s  |  101.9s  |  ETA 902s
      20,278 /    100,000  |      98 pwd/s  |  206.7s  |  ETA 813s
      30,433 /    100,000  |      99 pwd/s  |  308.7s  |  ETA 706s
      40,496 /    100,000  |      97 pwd/s  |  415.5s  |  ETA 611s
      50,570 /    100,000  |      97 pwd/s  |  522.8s  |  ETA 511s
      60,777 /    100,000  |      98 pwd/s  |  620.1s  |  ETA 400s
      70,992 /    100,000  |      97 pwd/s  |  732.2s  |  ETA 299s
      81,206 /    100,000  |      97 pwd/s  |  836.1s  |  ETA 193s
      91,404 /    100,000  |      97 pwd/s  |  940.3s  |  ETA 88s
     100,000 /    100,000  |      96 pwd/s  |  1043.6s  |  ETA 0s
  Fichier ecrit : runs_2/100k.txt  (0.89 MB)  en 1043.7s

=================================================================
Generation 1,000,000 mots de passe -> runs_2/1M.txt
  min_len=6, max_len=20, batch=2048, temps=(0.8, 1.0, 1.2, 1.4)
=================================================================
      10,437 /  1,000,000  |      92 pwd/s  |  113.0s  |  ETA 10718s
      20,946 /  1,000,000  |      93 pwd/s  |  225.5s  |  ETA 10540s
      31,146 /  1,000,000  |      93 pwd/s  |  333.3s  |  ETA 10367s
      41,350 /  1,000,000  |      94 pwd/s  |  441.8s  |  ETA 10243s
      51,589 /  1,000,000  |      94 pwd/s  |  546.0s  |  ETA 10038s
      61,970 /  1,000,000  |      95 pwd/s  |  651.4s  |  ETA 9860s
      72,112 /  1,000,000  |      94 pwd/s  |  767.4s  |  ETA 9875s
      82,341 /  1,000,000  |      93 pwd/s  |  884.5s  |  ETA 9857s
      92,428 /  1,000,000  |      92 pwd/s  |  1006.5s  |  ETA 9883s
     102,531 /  1,000,000  |      92 pwd/s  |  1114.2s  |  ETA 9752s
     113,019 /  1,000,000  |      93 pwd/s  |  1221.7s  |  ETA 9588s
     123,237 /  1,000,000  |      92 pwd/s  |  1333.2s  |  ETA 9485s
     133,442 /  1,000,000  |      93 pwd/s  |  1437.0s  |  ETA 9332s
     143,576 /  1,000,000  |      93 pwd/s  |  1550.0s  |  ETA 9246s
     153,648 /  1,000,000  |      93 pwd/s  |  1658.4s  |  ETA 9135s
     163,757 /  1,000,000  |      92 pwd/s  |  1771.0s  |  ETA 9044s
     173,910 /  1,000,000  |      92 pwd/s  |  1880.1s  |  ETA 8931s
     184,220 /  1,000,000  |      92 pwd/s  |  1994.8s  |  ETA 8834s
     194,600 /  1,000,000  |      92 pwd/s  |  2110.0s  |  ETA 8733s
     204,913 /  1,000,000  |      92 pwd/s  |  2239.2s  |  ETA 8688s
     215,135 /  1,000,000  |      91 pwd/s  |  2353.9s  |  ETA 8588s
     225,236 /  1,000,000  |      92 pwd/s  |  2460.2s  |  ETA 8463s
     235,455 /  1,000,000  |      91 pwd/s  |  2575.0s  |  ETA 8361s
     245,610 /  1,000,000  |      91 pwd/s  |  2685.5s  |  ETA 8249s
     255,883 /  1,000,000  |      91 pwd/s  |  2801.2s  |  ETA 8146s
     266,024 /  1,000,000  |      91 pwd/s  |  2911.5s  |  ETA 8033s
     276,520 /  1,000,000  |      92 pwd/s  |  3021.7s  |  ETA 7906s
     286,805 /  1,000,000  |      91 pwd/s  |  3141.9s  |  ETA 7813s
     297,020 /  1,000,000  |      91 pwd/s  |  3248.7s  |  ETA 7689s
     307,424 /  1,000,000  |      91 pwd/s  |  3373.3s  |  ETA 7600s
     317,613 /  1,000,000  |      91 pwd/s  |  3475.2s  |  ETA 7466s
     327,739 /  1,000,000  |      91 pwd/s  |  3590.2s  |  ETA 7364s
     337,873 /  1,000,000  |      91 pwd/s  |  3696.8s  |  ETA 7245s
     348,167 /  1,000,000  |      91 pwd/s  |  3807.3s  |  ETA 7128s
     358,429 /  1,000,000  |      91 pwd/s  |  3918.0s  |  ETA 7013s
     368,732 /  1,000,000  |      91 pwd/s  |  4032.3s  |  ETA 6903s
     379,001 /  1,000,000  |      92 pwd/s  |  4137.7s  |  ETA 6780s
     389,348 /  1,000,000  |      92 pwd/s  |  4253.5s  |  ETA 6671s
     399,404 /  1,000,000  |      92 pwd/s  |  4359.5s  |  ETA 6556s
     409,913 /  1,000,000  |      92 pwd/s  |  4470.2s  |  ETA 6435s
     420,000 /  1,000,000  |      92 pwd/s  |  4586.0s  |  ETA 6333s
     430,462 /  1,000,000  |      92 pwd/s  |  4702.0s  |  ETA 6221s
     440,902 /  1,000,000  |      91 pwd/s  |  4821.6s  |  ETA 6114s
     451,008 /  1,000,000  |      91 pwd/s  |  4933.1s  |  ETA 6005s
     461,067 /  1,000,000  |      91 pwd/s  |  5048.5s  |  ETA 5901s
     471,475 /  1,000,000  |      91 pwd/s  |  5163.9s  |  ETA 5789s
     481,536 /  1,000,000  |      91 pwd/s  |  5276.1s  |  ETA 5681s
     491,830 /  1,000,000  |      91 pwd/s  |  5401.0s  |  ETA 5580s
     501,873 /  1,000,000  |      91 pwd/s  |  5511.6s  |  ETA 5470s
     512,107 /  1,000,000  |      91 pwd/s  |  5627.8s  |  ETA 5362s
     522,669 /  1,000,000  |      91 pwd/s  |  5733.6s  |  ETA 5236s
     532,864 /  1,000,000  |      91 pwd/s  |  5851.0s  |  ETA 5129s
     543,052 /  1,000,000  |      91 pwd/s  |  5954.2s  |  ETA 5010s
     553,308 /  1,000,000  |      91 pwd/s  |  6066.6s  |  ETA 4898s
     563,495 /  1,000,000  |      91 pwd/s  |  6183.2s  |  ETA 4790s
     573,856 /  1,000,000  |      91 pwd/s  |  6305.3s  |  ETA 4682s
     584,153 /  1,000,000  |      91 pwd/s  |  6417.4s  |  ETA 4568s
     594,514 /  1,000,000  |      91 pwd/s  |  6535.2s  |  ETA 4457s
     604,672 /  1,000,000  |      91 pwd/s  |  6643.1s  |  ETA 4343s
     614,874 /  1,000,000  |      91 pwd/s  |  6752.0s  |  ETA 4229s
     625,287 /  1,000,000  |      91 pwd/s  |  6864.3s  |  ETA 4114s
     635,790 /  1,000,000  |      91 pwd/s  |  6981.8s  |  ETA 4000s
     645,910 /  1,000,000  |      91 pwd/s  |  7089.4s  |  ETA 3886s
     656,013 /  1,000,000  |      91 pwd/s  |  7202.3s  |  ETA 3777s
     666,251 /  1,000,000  |      91 pwd/s  |  7311.0s  |  ETA 3662s
     676,311 /  1,000,000  |      91 pwd/s  |  7423.3s  |  ETA 3553s
     686,717 /  1,000,000  |      91 pwd/s  |  7536.5s  |  ETA 3438s
     697,182 /  1,000,000  |      91 pwd/s  |  7648.6s  |  ETA 3322s
     707,366 /  1,000,000  |      91 pwd/s  |  7760.8s  |  ETA 3211s
     717,670 /  1,000,000  |      91 pwd/s  |  7873.1s  |  ETA 3097s
     728,090 /  1,000,000  |      91 pwd/s  |  7981.0s  |  ETA 2981s
     738,105 /  1,000,000  |      91 pwd/s  |  8089.8s  |  ETA 2870s
     748,118 /  1,000,000  |      91 pwd/s  |  8193.6s  |  ETA 2759s
     758,553 /  1,000,000  |      91 pwd/s  |  8305.6s  |  ETA 2644s
     768,988 /  1,000,000  |      91 pwd/s  |  8414.1s  |  ETA 2528s
     779,279 /  1,000,000  |      91 pwd/s  |  8526.3s  |  ETA 2415s
     789,490 /  1,000,000  |      91 pwd/s  |  8643.5s  |  ETA 2305s
     800,025 /  1,000,000  |      91 pwd/s  |  8751.3s  |  ETA 2187s
     810,175 /  1,000,000  |      91 pwd/s  |  8863.5s  |  ETA 2077s
     820,222 /  1,000,000  |      91 pwd/s  |  8967.2s  |  ETA 1965s
     830,368 /  1,000,000  |      91 pwd/s  |  9080.5s  |  ETA 1855s
     840,447 /  1,000,000  |      92 pwd/s  |  9184.1s  |  ETA 1744s
     850,809 /  1,000,000  |      92 pwd/s  |  9291.9s  |  ETA 1629s
     861,014 /  1,000,000  |      92 pwd/s  |  9408.9s  |  ETA 1519s
     871,228 /  1,000,000  |      91 pwd/s  |  9530.9s  |  ETA 1409s
     881,524 /  1,000,000  |      92 pwd/s  |  9629.4s  |  ETA 1294s
     891,730 /  1,000,000  |      91 pwd/s  |  9746.0s  |  ETA 1183s
     901,764 /  1,000,000  |      91 pwd/s  |  9858.5s  |  ETA 1074s
     912,182 /  1,000,000  |      92 pwd/s  |  9966.7s  |  ETA 960s
     922,250 /  1,000,000  |      91 pwd/s  |  10088.5s  |  ETA 851s
     932,583 /  1,000,000  |      92 pwd/s  |  10191.8s  |  ETA 737s
     942,725 /  1,000,000  |      92 pwd/s  |  10294.1s  |  ETA 625s
     952,887 /  1,000,000  |      92 pwd/s  |  10405.7s  |  ETA 514s
     962,968 /  1,000,000  |      91 pwd/s  |  10526.5s  |  ETA 405s
     973,429 /  1,000,000  |      91 pwd/s  |  10643.0s  |  ETA 291s
     983,465 /  1,000,000  |      91 pwd/s  |  10753.4s  |  ETA 181s
     993,533 /  1,000,000  |      91 pwd/s  |  10869.3s  |  ETA 71s
   1,000,000 /  1,000,000  |      91 pwd/s  |  10948.1s  |  ETA 0s
  Fichier ecrit : runs_2/1M.txt  (8.98 MB)  en 10948.2s

=================================================================
GENERATION COMPLETE en 12100.1s
=================================================================
  10k.txt       0.09 MB
  100k.txt      0.89 MB
  1M.txt        8.98 MB
Heure fin : Sat Apr 18 13:12:27 CEST 2026
Generation terminee avec succes !
Fichiers generes :
-rw-r--r-- 1 uapv2600478 etudiants 873K Apr 18 10:09 runs_2/100k.txt
-rw-r--r-- 1 uapv2600478 etudiants  87K Apr 18 09:52 runs_2/10k.txt
-rw-r--r-- 1 uapv2600478 etudiants 8.6M Apr 18 13:12 runs_2/1M.txt
