==========================================
Job SLURM demarre
Job ID   : 20749
Node     : heracles
Date     : Sun Mar 29 18:17:48 CEST 2026
==========================================
Sun Mar 29 18:17:48 2026       
+---------------------------------------------------------------------------------------+
| NVIDIA-SMI 530.30.02              Driver Version: 530.30.02    CUDA Version: 12.1     |
|-----------------------------------------+----------------------+----------------------+
| GPU  Name                  Persistence-M| Bus-Id        Disp.A | Volatile Uncorr. ECC |
| Fan  Temp  Perf            Pwr:Usage/Cap|         Memory-Usage | GPU-Util  Compute M. |
|                                         |                      |               MIG M. |
|=========================================+======================+======================|
|   0  Tesla P100-PCIE-16GB            Off| 00000000:3B:00.0 Off |                    0 |
| N/A   32C    P0               28W / 250W|      0MiB / 16384MiB |      1%      Default |
|                                         |                      |                  N/A |
+-----------------------------------------+----------------------+----------------------+
                                                                                         
+---------------------------------------------------------------------------------------+
| Processes:                                                                            |
|  GPU   GI   CI        PID   Type   Process name                            GPU Memory |
|        ID   ID                                                             Usage      |
|=======================================================================================|
|  No running processes found                                                           |
+---------------------------------------------------------------------------------------+
Lancement generate_passwords.py...
Heure debut : Sun Mar 29 18:17:49 CEST 2026
/home/nas-wks01/users/uapv2600478/.local/lib/python3.6/site-packages/tensorflow/python/framework/dtypes.py:516: FutureWarning: Passing (type, 1) or '1type' as a synonym of type is deprecated; in a future version of numpy, it will be understood as (type, (1,)) / '(1,)type'.
  _np_qint8 = np.dtype([("qint8", np.int8, 1)])
/home/nas-wks01/users/uapv2600478/.local/lib/python3.6/site-packages/tensorflow/python/framework/dtypes.py:517: FutureWarning: Passing (type, 1) or '1type' as a synonym of type is deprecated; in a future version of numpy, it will be understood as (type, (1,)) / '(1,)type'.
  _np_quint8 = np.dtype([("quint8", np.uint8, 1)])
/home/nas-wks01/users/uapv2600478/.local/lib/python3.6/site-packages/tensorflow/python/framework/dtypes.py:518: FutureWarning: Passing (type, 1) or '1type' as a synonym of type is deprecated; in a future version of numpy, it will be understood as (type, (1,)) / '(1,)type'.
  _np_qint16 = np.dtype([("qint16", np.int16, 1)])
/home/nas-wks01/users/uapv2600478/.local/lib/python3.6/site-packages/tensorflow/python/framework/dtypes.py:519: FutureWarning: Passing (type, 1) or '1type' as a synonym of type is deprecated; in a future version of numpy, it will be understood as (type, (1,)) / '(1,)type'.
  _np_quint16 = np.dtype([("quint16", np.uint16, 1)])
/home/nas-wks01/users/uapv2600478/.local/lib/python3.6/site-packages/tensorflow/python/framework/dtypes.py:520: FutureWarning: Passing (type, 1) or '1type' as a synonym of type is deprecated; in a future version of numpy, it will be understood as (type, (1,)) / '(1,)type'.
  _np_qint32 = np.dtype([("qint32", np.int32, 1)])
/home/nas-wks01/users/uapv2600478/.local/lib/python3.6/site-packages/tensorflow/python/framework/dtypes.py:525: FutureWarning: Passing (type, 1) or '1type' as a synonym of type is deprecated; in a future version of numpy, it will be understood as (type, (1,)) / '(1,)type'.
  np_resource = np.dtype([("resource", np.ubyte, 1)])
/home/nas-wks01/users/uapv2600478/.local/lib/python3.6/site-packages/tensorboard/compat/tensorflow_stub/dtypes.py:541: FutureWarning: Passing (type, 1) or '1type' as a synonym of type is deprecated; in a future version of numpy, it will be understood as (type, (1,)) / '(1,)type'.
  _np_qint8 = np.dtype([("qint8", np.int8, 1)])
/home/nas-wks01/users/uapv2600478/.local/lib/python3.6/site-packages/tensorboard/compat/tensorflow_stub/dtypes.py:542: FutureWarning: Passing (type, 1) or '1type' as a synonym of type is deprecated; in a future version of numpy, it will be understood as (type, (1,)) / '(1,)type'.
  _np_quint8 = np.dtype([("quint8", np.uint8, 1)])
/home/nas-wks01/users/uapv2600478/.local/lib/python3.6/site-packages/tensorboard/compat/tensorflow_stub/dtypes.py:543: FutureWarning: Passing (type, 1) or '1type' as a synonym of type is deprecated; in a future version of numpy, it will be understood as (type, (1,)) / '(1,)type'.
  _np_qint16 = np.dtype([("qint16", np.int16, 1)])
/home/nas-wks01/users/uapv2600478/.local/lib/python3.6/site-packages/tensorboard/compat/tensorflow_stub/dtypes.py:544: FutureWarning: Passing (type, 1) or '1type' as a synonym of type is deprecated; in a future version of numpy, it will be understood as (type, (1,)) / '(1,)type'.
  _np_quint16 = np.dtype([("quint16", np.uint16, 1)])
/home/nas-wks01/users/uapv2600478/.local/lib/python3.6/site-packages/tensorboard/compat/tensorflow_stub/dtypes.py:545: FutureWarning: Passing (type, 1) or '1type' as a synonym of type is deprecated; in a future version of numpy, it will be understood as (type, (1,)) / '(1,)type'.
  _np_qint32 = np.dtype([("qint32", np.int32, 1)])
/home/nas-wks01/users/uapv2600478/.local/lib/python3.6/site-packages/tensorboard/compat/tensorflow_stub/dtypes.py:550: FutureWarning: Passing (type, 1) or '1type' as a synonym of type is deprecated; in a future version of numpy, it will be understood as (type, (1,)) / '(1,)type'.
  np_resource = np.dtype([("resource", np.ubyte, 1)])
WARNING:tensorflow:From generate_passwords.py:31: The name tf.ConfigProto is deprecated. Please use tf.compat.v1.ConfigProto instead.

WARNING:tensorflow:From generate_passwords.py:33: The name tf.Session is deprecated. Please use tf.compat.v1.Session instead.

WARNING:tensorflow:From generate_passwords.py:34: The name tf.keras.backend.set_session is deprecated. Please use tf.compat.v1.keras.backend.set_session instead.

WARNING:tensorflow:From /home/nas-wks01/users/uapv2600478/.local/lib/python3.6/site-packages/tensorflow/python/keras/initializers.py:119: calling RandomUniform.__init__ (from tensorflow.python.ops.init_ops) with dtype is deprecated and will be removed in a future version.
Instructions for updating:
Call initializer instance with the dtype argument instead of passing it to the constructor
WARNING:tensorflow:From /home/nas-wks01/users/uapv2600478/.local/lib/python3.6/site-packages/tensorflow/python/ops/init_ops.py:1251: calling VarianceScaling.__init__ (from tensorflow.python.ops.init_ops) with dtype is deprecated and will be removed in a future version.
Instructions for updating:
Call initializer instance with the dtype argument instead of passing it to the constructor
Chargement du vocabulaire...
Vocabulaire : 93 caractères
Construction du modèle...
Chargement des poids depuis 'transformer_best_model.h5'...
Modèle chargé.
Chargement des seeds depuis '../../Data/train.txt'...

{'='*60}
Génération de 10,000 mots de passe -> runs_transformer/10k.txt
      10,000 /     10,000  (122 pwd/s)  81.7s
Fichier écrit : runs_transformer/10k.txt  (10,000 mots de passe en 81.7s)

{'='*60}
Génération de 100,000 mots de passe -> runs_transformer/100k.txt
     100,000 /    100,000  (128 pwd/s)  782.3s
Fichier écrit : runs_transformer/100k.txt  (100,000 mots de passe en 782.3s)

{'='*60}
Génération de 1,000,000 mots de passe -> runs_transformer/1M.txt
   1,000,000 /  1,000,000  (110 pwd/s)  9095.8s
Fichier écrit : runs_transformer/1M.txt  (1,000,000 mots de passe en 9096.0s)

=== GÉNÉRATION TERMINÉE ===
Fichiers disponibles dans : runs_transformer
  10k.txt — 0.07 MB
  100k.txt — 0.74 MB
  1M.txt — 7.70 MB
Heure fin : Sun Mar 29 21:04:06 CEST 2026
Generation terminee avec succes !
Fichiers generes :
-rw-r--r-- 1 uapv2600478 etudiants 727K Mar 29 18:32 runs_transformer/100k.txt
-rw-r--r-- 1 uapv2600478 etudiants  72K Mar 29 18:19 runs_transformer/10k.txt
-rw-r--r-- 1 uapv2600478 etudiants 7.4M Mar 29 21:04 runs_transformer/1M.txt
