>>> STEP 1 : imports OK
>>> STEP 2 : tensorflow OK — version 1.14.0
>>> STEP 3 : keras OK
/home/nas-wks01/users/uapv2600478/.local/lib/python3.6/site-packages/tensorflow/python/framework/dtypes.py:516: FutureWarning: Passing (type, 1) or '1type' as a synonym of type is deprecated; in a future version of numpy, it will be understood as (type, (1,)) / '(1,)type'.
  _np_qint8 = np.dtype([("qint8", np.int8, 1)])
/home/nas-wks01/users/uapv2600478/.local/lib/python3.6/site-packages/tensorflow/python/framework/dtypes.py:517: FutureWarning: Passing (type, 1) or '1type' as a synonym of type is deprecated; in a future version of numpy, it will be understood as (type, (1,)) / '(1,)type'.
  _np_quint8 = np.dtype([("quint8", np.uint8, 1)])
/home/nas-wks01/users/uapv2600478/.local/lib/python3.6/site-packages/tensorflow/python/framework/dtypes.py:518: FutureWarning: Passing (type, 1) or '1type' as a synonym of type is deprecated; in a future version of numpy, it will be understood as (type, (1,)) / '(1,)type'.
  _np_qint16 = np.dtype([("qint16", np.int16, 1)])
/home/nas-wks01/users/uapv2600478/.local/lib/python3.6/site-packages/tensorflow/python/framework/dtypes.py:519: FutureWarning: Passing (type, 1) or '1type' as a synonym of type is deprecated; in a future version of numpy, it will be understood as (type, (1,)) / '(1,)type'.
  _np_quint16 = np.dtype([("quint16", np.uint16, 1)])
/home/nas-wks01/users/uapv2600478/.local/lib/python3.6/site-packages/tensorflow/python/framework/dtypes.py:520: FutureWarning: Passing (type, 1) or '1type' as a synonym of type is deprecated; in a future version of numpy, it will be understood as (type, (1,)) / '(1,)type'.
  _np_qint32 = np.dtype([("qint32", np.int32, 1)])
/home/nas-wks01/users/uapv2600478/.local/lib/python3.6/site-packages/tensorflow/python/framework/dtypes.py:525: FutureWarning: Passing (type, 1) or '1type' as a synonym of type is deprecated; in a future version of numpy, it will be understood as (type, (1,)) / '(1,)type'.
  np_resource = np.dtype([("resource", np.ubyte, 1)])
/home/nas-wks01/users/uapv2600478/.local/lib/python3.6/site-packages/tensorboard/compat/tensorflow_stub/dtypes.py:541: FutureWarning: Passing (type, 1) or '1type' as a synonym of type is deprecated; in a future version of numpy, it will be understood as (type, (1,)) / '(1,)type'.
  _np_qint8 = np.dtype([("qint8", np.int8, 1)])
/home/nas-wks01/users/uapv2600478/.local/lib/python3.6/site-packages/tensorboard/compat/tensorflow_stub/dtypes.py:542: FutureWarning: Passing (type, 1) or '1type' as a synonym of type is deprecated; in a future version of numpy, it will be understood as (type, (1,)) / '(1,)type'.
  _np_quint8 = np.dtype([("quint8", np.uint8, 1)])
/home/nas-wks01/users/uapv2600478/.local/lib/python3.6/site-packages/tensorboard/compat/tensorflow_stub/dtypes.py:543: FutureWarning: Passing (type, 1) or '1type' as a synonym of type is deprecated; in a future version of numpy, it will be understood as (type, (1,)) / '(1,)type'.
  _np_qint16 = np.dtype([("qint16", np.int16, 1)])
/home/nas-wks01/users/uapv2600478/.local/lib/python3.6/site-packages/tensorboard/compat/tensorflow_stub/dtypes.py:544: FutureWarning: Passing (type, 1) or '1type' as a synonym of type is deprecated; in a future version of numpy, it will be understood as (type, (1,)) / '(1,)type'.
  _np_quint16 = np.dtype([("quint16", np.uint16, 1)])
/home/nas-wks01/users/uapv2600478/.local/lib/python3.6/site-packages/tensorboard/compat/tensorflow_stub/dtypes.py:545: FutureWarning: Passing (type, 1) or '1type' as a synonym of type is deprecated; in a future version of numpy, it will be understood as (type, (1,)) / '(1,)type'.
  _np_qint32 = np.dtype([("qint32", np.int32, 1)])
/home/nas-wks01/users/uapv2600478/.local/lib/python3.6/site-packages/tensorboard/compat/tensorflow_stub/dtypes.py:550: FutureWarning: Passing (type, 1) or '1type' as a synonym of type is deprecated; in a future version of numpy, it will be understood as (type, (1,)) / '(1,)type'.
  np_resource = np.dtype([("resource", np.ubyte, 1)])
WARNING:tensorflow:From generate_lstm.py:27: The name tf.ConfigProto is deprecated. Please use tf.compat.v1.ConfigProto instead.

WARNING:tensorflow:From generate_lstm.py:30: The name tf.Session is deprecated. Please use tf.compat.v1.Session instead.

WARNING:tensorflow:From generate_lstm.py:31: The name tf.keras.backend.set_session is deprecated. Please use tf.compat.v1.keras.backend.set_session instead.

>>> GPU configure : Tesla P100
>>> STEP 4 : chargement vocabulary.json ...
>>> STEP 4 OK : 93 caracteres
>>> STEP 5 : construction LSTM ...
WARNING:tensorflow:From /home/nas-wks01/users/uapv2600478/.local/lib/python3.6/site-packages/tensorflow/python/keras/initializers.py:119: calling RandomUniform.__init__ (from tensorflow.python.ops.init_ops) with dtype is deprecated and will be removed in a future version.
Instructions for updating:
Call initializer instance with the dtype argument instead of passing it to the constructor
WARNING:tensorflow:From /home/nas-wks01/users/uapv2600478/.local/lib/python3.6/site-packages/tensorflow/python/ops/init_ops.py:1251: calling VarianceScaling.__init__ (from tensorflow.python.ops.init_ops) with dtype is deprecated and will be removed in a future version.
Instructions for updating:
Call initializer instance with the dtype argument instead of passing it to the constructor
>>> STEP 5 OK : architecture construite
>>> STEP 6 : chargement poids ...
>>> STEP 6 OK : poids charges depuis lstm_best_model.h5
>>> STEP 7 : test predict() ...
>>> STEP 7 OK : shape=(1, 93)

======================================================================
GENERATION DES RUNS — TEMP=1.2
======================================================================

Generation de 10,000 -> runs/10k.txt ...
  ... 416/10000 generes (5120 tentatives)
  ... 805/10000 generes (10240 tentatives)
  ... 1213/10000 generes (15360 tentatives)
  ... 1627/10000 generes (20480 tentatives)
  ... 2043/10000 generes (25600 tentatives)
  ... 2434/10000 generes (30720 tentatives)
  ... 2821/10000 generes (35840 tentatives)
  ... 3255/10000 generes (40960 tentatives)
  ... 3678/10000 generes (46080 tentatives)
  ... 4088/10000 generes (51200 tentatives)
  ... 4498/10000 generes (56320 tentatives)
  ... 4908/10000 generes (61440 tentatives)
  ... 5333/10000 generes (66560 tentatives)
  ... 5749/10000 generes (71680 tentatives)
  ... 6200/10000 generes (76800 tentatives)
  ... 6587/10000 generes (81920 tentatives)
  ... 6976/10000 generes (87040 tentatives)
  ... 7404/10000 generes (92160 tentatives)
  ... 7814/10000 generes (97280 tentatives)
  ... 8203/10000 generes (102400 tentatives)
  ... 8640/10000 generes (107520 tentatives)
  ... 9070/10000 generes (112640 tentatives)
  ... 9486/10000 generes (117760 tentatives)
  ... 9923/10000 generes (123009 tentatives)
  ... 9950/10000 generes (123286 tentatives)
  10,007 ecrits dans 'runs/10k.txt'
  TTR              : 1.0000
  Longueur moyenne : 6.09 chars

Generation de 100,000 -> runs/100k.txt ...
  ... 403/100000 generes (5120 tentatives)
  ... 849/100000 generes (10240 tentatives)
  ... 1278/100000 generes (15360 tentatives)
  ... 1717/100000 generes (20480 tentatives)
  ... 2126/100000 generes (25600 tentatives)
  ... 2574/100000 generes (30720 tentatives)
  ... 2957/100000 generes (35840 tentatives)
  ... 3383/100000 generes (40960 tentatives)
  ... 3820/100000 generes (46080 tentatives)
  ... 4247/100000 generes (51200 tentatives)
  ... 4674/100000 generes (56320 tentatives)
  ... 5092/100000 generes (61440 tentatives)
  ... 5452/100000 generes (66560 tentatives)
  ... 5858/100000 generes (71680 tentatives)
  ... 6242/100000 generes (76800 tentatives)
  ... 6650/100000 generes (81920 tentatives)
  ... 7068/100000 generes (87040 tentatives)
  ... 7495/100000 generes (92160 tentatives)
  ... 7901/100000 generes (97280 tentatives)
  ... 8331/100000 generes (102400 tentatives)
  ... 8758/100000 generes (107520 tentatives)
  ... 9195/100000 generes (112640 tentatives)
  ... 9608/100000 generes (117760 tentatives)
  ... 10007/100000 generes (122880 tentatives)
  ... 10396/100000 generes (128000 tentatives)
  ... 10796/100000 generes (133120 tentatives)
  ... 11187/100000 generes (138240 tentatives)
  ... 11590/100000 generes (143360 tentatives)
  ... 11994/100000 generes (148480 tentatives)
  ... 12416/100000 generes (153600 tentatives)
  ... 12826/100000 generes (158720 tentatives)
  ... 13246/100000 generes (163840 tentatives)
  ... 13673/100000 generes (168960 tentatives)
  ... 14066/100000 generes (174080 tentatives)
  ... 14508/100000 generes (179200 tentatives)
  ... 14917/100000 generes (184320 tentatives)
  ... 15363/100000 generes (189440 tentatives)
  ... 15804/100000 generes (194560 tentatives)
  ... 16240/100000 generes (199680 tentatives)
  ... 16645/100000 generes (204800 tentatives)
  ... 17049/100000 generes (209920 tentatives)
  ... 17454/100000 generes (215040 tentatives)
  ... 17841/100000 generes (220160 tentatives)
  ... 18264/100000 generes (225280 tentatives)
  ... 18677/100000 generes (230400 tentatives)
  ... 19085/100000 generes (235520 tentatives)
  ... 19492/100000 generes (240640 tentatives)
  ... 19908/100000 generes (245760 tentatives)
  ... 20321/100000 generes (250880 tentatives)
  ... 20729/100000 generes (256000 tentatives)
  ... 21163/100000 generes (261120 tentatives)
  ... 21545/100000 generes (266240 tentatives)
  ... 21939/100000 generes (271360 tentatives)
  ... 22347/100000 generes (276480 tentatives)
  ... 22767/100000 generes (281600 tentatives)
  ... 23172/100000 generes (286720 tentatives)
  ... 23550/100000 generes (291840 tentatives)
  ... 23993/100000 generes (296960 tentatives)
  ... 24410/100000 generes (302080 tentatives)
  ... 24821/100000 generes (307200 tentatives)
  ... 25228/100000 generes (312320 tentatives)
  ... 25640/100000 generes (317440 tentatives)
  ... 26041/100000 generes (322560 tentatives)
  ... 26407/100000 generes (327680 tentatives)
  ... 26816/100000 generes (332800 tentatives)
  ... 27220/100000 generes (337920 tentatives)
  ... 27636/100000 generes (343040 tentatives)
  ... 28068/100000 generes (348160 tentatives)
  ... 28467/100000 generes (353280 tentatives)
  ... 28900/100000 generes (358400 tentatives)
  ... 29338/100000 generes (363520 tentatives)
  ... 29791/100000 generes (368640 tentatives)
  ... 30182/100000 generes (373760 tentatives)
  ... 30604/100000 generes (378880 tentatives)
  ... 31028/100000 generes (384000 tentatives)
  ... 31428/100000 generes (389120 tentatives)
  ... 31850/100000 generes (394240 tentatives)
  ... 32276/100000 generes (399360 tentatives)
  ... 32696/100000 generes (404480 tentatives)
  ... 33119/100000 generes (409600 tentatives)
  ... 33546/100000 generes (414720 tentatives)
  ... 33940/100000 generes (419840 tentatives)
  ... 34366/100000 generes (424960 tentatives)
  ... 34742/100000 generes (430080 tentatives)
  ... 35149/100000 generes (435200 tentatives)
  ... 35589/100000 generes (440320 tentatives)
  ... 35990/100000 generes (445440 tentatives)
  ... 36357/100000 generes (450560 tentatives)
  ... 36773/100000 generes (455680 tentatives)
  ... 37186/100000 generes (460800 tentatives)
  ... 37591/100000 generes (465920 tentatives)
  ... 37998/100000 generes (471040 tentatives)
  ... 38407/100000 generes (476160 tentatives)
  ... 38832/100000 generes (481280 tentatives)
  ... 39242/100000 generes (486400 tentatives)
  ... 39630/100000 generes (491520 tentatives)
  ... 40037/100000 generes (496640 tentatives)
  ... 40458/100000 generes (501760 tentatives)
  ... 40887/100000 generes (506880 tentatives)
  ... 41285/100000 generes (512000 tentatives)
  ... 41700/100000 generes (517120 tentatives)
  ... 42112/100000 generes (522240 tentatives)
  ... 42512/100000 generes (527360 tentatives)
  ... 42919/100000 generes (532480 tentatives)
  ... 43337/100000 generes (537600 tentatives)
  ... 43731/100000 generes (542720 tentatives)
  ... 44164/100000 generes (547840 tentatives)
  ... 44571/100000 generes (552960 tentatives)
  ... 44975/100000 generes (558080 tentatives)
  ... 45420/100000 generes (563200 tentatives)
  ... 45827/100000 generes (568320 tentatives)
  ... 46211/100000 generes (573440 tentatives)
  ... 46631/100000 generes (578560 tentatives)
  ... 47068/100000 generes (583680 tentatives)
  ... 47439/100000 generes (588800 tentatives)
  ... 47842/100000 generes (593920 tentatives)
  ... 48259/100000 generes (599040 tentatives)
  ... 48646/100000 generes (604160 tentatives)
  ... 49042/100000 generes (609280 tentatives)
  ... 49432/100000 generes (614400 tentatives)
  ... 49827/100000 generes (619520 tentatives)
  ... 50249/100000 generes (624640 tentatives)
  ... 50645/100000 generes (629760 tentatives)
  ... 51070/100000 generes (634880 tentatives)
  ... 51497/100000 generes (640000 tentatives)
  ... 51892/100000 generes (645120 tentatives)
  ... 52285/100000 generes (650240 tentatives)
  ... 52693/100000 generes (655360 tentatives)
  ... 53119/100000 generes (660480 tentatives)
  ... 53517/100000 generes (665600 tentatives)
  ... 53925/100000 generes (670720 tentatives)
  ... 54335/100000 generes (675840 tentatives)
  ... 54752/100000 generes (680960 tentatives)
  ... 55141/100000 generes (686080 tentatives)
  ... 55568/100000 generes (691200 tentatives)
  ... 56000/100000 generes (696320 tentatives)
  ... 56413/100000 generes (701440 tentatives)
  ... 56803/100000 generes (706560 tentatives)
  ... 57173/100000 generes (711680 tentatives)
  ... 57597/100000 generes (716800 tentatives)
  ... 57977/100000 generes (721920 tentatives)
  ... 58376/100000 generes (727040 tentatives)
  ... 58792/100000 generes (732160 tentatives)
  ... 59192/100000 generes (737280 tentatives)
  ... 59630/100000 generes (742400 tentatives)
  ... 60062/100000 generes (747520 tentatives)
  ... 60466/100000 generes (752640 tentatives)
  ... 60860/100000 generes (757760 tentatives)
  ... 61268/100000 generes (762880 tentatives)
  ... 61643/100000 generes (768000 tentatives)
  ... 61998/100000 generes (773120 tentatives)
  ... 62362/100000 generes (778240 tentatives)
  ... 62738/100000 generes (783360 tentatives)
  ... 63177/100000 generes (788480 tentatives)
  ... 63597/100000 generes (793600 tentatives)
  ... 64009/100000 generes (798720 tentatives)
  ... 64423/100000 generes (803840 tentatives)
  ... 64837/100000 generes (808960 tentatives)
  ... 65249/100000 generes (814080 tentatives)
  ... 65652/100000 generes (819200 tentatives)
  ... 66074/100000 generes (824320 tentatives)
  ... 66423/100000 generes (829440 tentatives)
  ... 66821/100000 generes (834560 tentatives)
  ... 67240/100000 generes (839680 tentatives)
  ... 67617/100000 generes (844800 tentatives)
  ... 68017/100000 generes (849920 tentatives)
  ... 68424/100000 generes (855040 tentatives)
  ... 68813/100000 generes (860160 tentatives)
  ... 69226/100000 generes (865280 tentatives)
  ... 69631/100000 generes (870400 tentatives)
  ... 70023/100000 generes (875520 tentatives)
  ... 70439/100000 generes (880640 tentatives)
  ... 70842/100000 generes (885760 tentatives)
  ... 71223/100000 generes (890880 tentatives)
  ... 71634/100000 generes (896000 tentatives)
  ... 72059/100000 generes (901120 tentatives)
  ... 72464/100000 generes (906240 tentatives)
  ... 72875/100000 generes (911360 tentatives)
  ... 73243/100000 generes (916480 tentatives)
  ... 73675/100000 generes (921600 tentatives)
  ... 74061/100000 generes (926720 tentatives)
  ... 74478/100000 generes (931840 tentatives)
  ... 74888/100000 generes (936960 tentatives)
  ... 75283/100000 generes (942080 tentatives)
  ... 75693/100000 generes (947200 tentatives)
  ... 76111/100000 generes (952320 tentatives)
  ... 76530/100000 generes (957440 tentatives)
  ... 76933/100000 generes (962560 tentatives)
  ... 77338/100000 generes (967680 tentatives)
  ... 77760/100000 generes (972800 tentatives)
  ... 78171/100000 generes (977920 tentatives)
  ... 78580/100000 generes (983040 tentatives)
  ... 78967/100000 generes (988160 tentatives)
  ... 79392/100000 generes (993280 tentatives)
  ... 79813/100000 generes (998400 tentatives)
  ... 80194/100000 generes (1003520 tentatives)
  ... 80607/100000 generes (1008640 tentatives)
  ... 81047/100000 generes (1013760 tentatives)
  ... 81453/100000 generes (1018880 tentatives)
  ... 81843/100000 generes (1024000 tentatives)
  ... 82242/100000 generes (1029120 tentatives)
  ... 82639/100000 generes (1034240 tentatives)
  ... 82994/100000 generes (1039360 tentatives)
  ... 83416/100000 generes (1044480 tentatives)
  ... 83803/100000 generes (1049600 tentatives)
  ... 84181/100000 generes (1054720 tentatives)
  ... 84565/100000 generes (1059840 tentatives)
  ... 84936/100000 generes (1064960 tentatives)
  ... 85304/100000 generes (1070080 tentatives)
  ... 85736/100000 generes (1075200 tentatives)
  ... 86156/100000 generes (1080320 tentatives)
  ... 86556/100000 generes (1085440 tentatives)
  ... 86961/100000 generes (1090560 tentatives)
  ... 87425/100000 generes (1095680 tentatives)
  ... 87837/100000 generes (1100800 tentatives)
  ... 88243/100000 generes (1105920 tentatives)
  ... 88674/100000 generes (1111040 tentatives)
  ... 89040/100000 generes (1116160 tentatives)
  ... 89421/100000 generes (1121280 tentatives)
  ... 89818/100000 generes (1126400 tentatives)
  ... 90214/100000 generes (1131520 tentatives)
  ... 90562/100000 generes (1136640 tentatives)
  ... 90959/100000 generes (1141760 tentatives)
  ... 91388/100000 generes (1146880 tentatives)
  ... 91792/100000 generes (1152000 tentatives)
  ... 92223/100000 generes (1157120 tentatives)
  ... 92616/100000 generes (1162240 tentatives)
  ... 93049/100000 generes (1167360 tentatives)
  ... 93473/100000 generes (1172480 tentatives)
  ... 93891/100000 generes (1177600 tentatives)
  ... 94301/100000 generes (1182720 tentatives)
  ... 94722/100000 generes (1187840 tentatives)
  ... 95133/100000 generes (1192960 tentatives)
  ... 95584/100000 generes (1198080 tentatives)
  ... 95975/100000 generes (1203200 tentatives)
  ... 96392/100000 generes (1208320 tentatives)
  ... 96807/100000 generes (1213440 tentatives)
  ... 97201/100000 generes (1218560 tentatives)
  ... 97612/100000 generes (1223680 tentatives)
  ... 98021/100000 generes (1228800 tentatives)
  ... 98416/100000 generes (1233920 tentatives)
  ... 98832/100000 generes (1239040 tentatives)
  ... 99245/100000 generes (1244160 tentatives)
  ... 99625/100000 generes (1249280 tentatives)
  100,015 ecrits dans 'runs/100k.txt'
  TTR              : 1.0000
  Longueur moyenne : 6.11 chars

Generation de 1,000,000 -> runs/1M.txt ...
  ... 419/1000000 generes (5120 tentatives)
  ... 852/1000000 generes (10240 tentatives)
  ... 1257/1000000 generes (15360 tentatives)
  ... 1699/1000000 generes (20480 tentatives)
  ... 2085/1000000 generes (25600 tentatives)
  ... 2533/1000000 generes (30720 tentatives)
  ... 2934/1000000 generes (35840 tentatives)
  ... 3338/1000000 generes (40960 tentatives)
  ... 3761/1000000 generes (46080 tentatives)
  ... 4184/1000000 generes (51200 tentatives)
  ... 4581/1000000 generes (56320 tentatives)
  ... 5002/1000000 generes (61440 tentatives)
  ... 5406/1000000 generes (66560 tentatives)
  ... 5795/1000000 generes (71680 tentatives)
  ... 6205/1000000 generes (76800 tentatives)
  ... 6616/1000000 generes (81920 tentatives)
  ... 7026/1000000 generes (87040 tentatives)
  ... 7427/1000000 generes (92160 tentatives)
  ... 7843/1000000 generes (97280 tentatives)
  ... 8258/1000000 generes (102400 tentatives)
  ... 8641/1000000 generes (107520 tentatives)
  ... 9059/1000000 generes (112640 tentatives)
  ... 9457/1000000 generes (117760 tentatives)
  ... 9866/1000000 generes (122880 tentatives)
  ... 10268/1000000 generes (128000 tentatives)
  ... 10684/1000000 generes (133120 tentatives)
  ... 11117/1000000 generes (138240 tentatives)
  ... 11520/1000000 generes (143360 tentatives)
  ... 11944/1000000 generes (148480 tentatives)
  ... 12379/1000000 generes (153600 tentatives)
  ... 12807/1000000 generes (158720 tentatives)
  ... 13233/1000000 generes (163840 tentatives)
  ... 13629/1000000 generes (168960 tentatives)
  ... 14035/1000000 generes (174080 tentatives)
  ... 14463/1000000 generes (179200 tentatives)
  ... 14849/1000000 generes (184320 tentatives)
  ... 15253/1000000 generes (189440 tentatives)
  ... 15660/1000000 generes (194560 tentatives)
  ... 16100/1000000 generes (199680 tentatives)
  ... 16533/1000000 generes (204800 tentatives)
  ... 16894/1000000 generes (209920 tentatives)
  ... 17278/1000000 generes (215040 tentatives)
  ... 17663/1000000 generes (220160 tentatives)
  ... 18066/1000000 generes (225280 tentatives)
  ... 18457/1000000 generes (230400 tentatives)
  ... 18905/1000000 generes (235520 tentatives)
  ... 19335/1000000 generes (240640 tentatives)
  ... 19737/1000000 generes (245760 tentatives)
  ... 20164/1000000 generes (250880 tentatives)
  ... 20603/1000000 generes (256000 tentatives)
  ... 21026/1000000 generes (261120 tentatives)
  ... 21459/1000000 generes (266240 tentatives)
  ... 21843/1000000 generes (271360 tentatives)
  ... 22251/1000000 generes (276480 tentatives)
  ... 22648/1000000 generes (281600 tentatives)
  ... 23092/1000000 generes (286720 tentatives)
  ... 23486/1000000 generes (291840 tentatives)
  ... 23898/1000000 generes (296960 tentatives)
  ... 24318/1000000 generes (302080 tentatives)
  ... 24703/1000000 generes (307200 tentatives)
  ... 25084/1000000 generes (312320 tentatives)
  ... 25511/1000000 generes (317440 tentatives)
  ... 25909/1000000 generes (322560 tentatives)
  ... 26316/1000000 generes (327680 tentatives)
  ... 26732/1000000 generes (332800 tentatives)
  ... 27165/1000000 generes (337920 tentatives)
  ... 27581/1000000 generes (343040 tentatives)
  ... 28012/1000000 generes (348160 tentatives)
  ... 28402/1000000 generes (353280 tentatives)
  ... 28791/1000000 generes (358400 tentatives)
  ... 29202/1000000 generes (363520 tentatives)
  ... 29595/1000000 generes (368640 tentatives)
  ... 29962/1000000 generes (373760 tentatives)
  ... 30341/1000000 generes (378880 tentatives)
  ... 30741/1000000 generes (384000 tentatives)
  ... 31157/1000000 generes (389120 tentatives)
  ... 31580/1000000 generes (394240 tentatives)
  ... 31962/1000000 generes (399360 tentatives)
  ... 32380/1000000 generes (404480 tentatives)
  ... 32792/1000000 generes (409600 tentatives)
  ... 33187/1000000 generes (414720 tentatives)
  ... 33558/1000000 generes (419840 tentatives)
  ... 33996/1000000 generes (424960 tentatives)
  ... 34393/1000000 generes (430080 tentatives)
  ... 34765/1000000 generes (435200 tentatives)
  ... 35180/1000000 generes (440320 tentatives)
  ... 35602/1000000 generes (445440 tentatives)
  ... 36035/1000000 generes (450560 tentatives)
  ... 36463/1000000 generes (455680 tentatives)
  ... 36872/1000000 generes (460800 tentatives)
  ... 37305/1000000 generes (465920 tentatives)
  ... 37711/1000000 generes (471040 tentatives)
  ... 38119/1000000 generes (476160 tentatives)
  ... 38514/1000000 generes (481280 tentatives)
  ... 38922/1000000 generes (486400 tentatives)
  ... 39330/1000000 generes (491520 tentatives)
  ... 39744/1000000 generes (496640 tentatives)
  ... 40144/1000000 generes (501760 tentatives)
  ... 40536/1000000 generes (506880 tentatives)
  ... 40974/1000000 generes (512000 tentatives)
  ... 41361/1000000 generes (517120 tentatives)
  ... 41794/1000000 generes (522240 tentatives)
  ... 42210/1000000 generes (527360 tentatives)
  ... 42622/1000000 generes (532480 tentatives)
  ... 43025/1000000 generes (537600 tentatives)
  ... 43434/1000000 generes (542720 tentatives)
  ... 43818/1000000 generes (547840 tentatives)
  ... 44206/1000000 generes (552960 tentatives)
  ... 44614/1000000 generes (558080 tentatives)
  ... 45041/1000000 generes (563200 tentatives)
  ... 45462/1000000 generes (568320 tentatives)
  ... 45890/1000000 generes (573440 tentatives)
  ... 46301/1000000 generes (578560 tentatives)
  ... 46763/1000000 generes (583680 tentatives)
  ... 47154/1000000 generes (588800 tentatives)
  ... 47539/1000000 generes (593920 tentatives)
  ... 47937/1000000 generes (599040 tentatives)
  ... 48337/1000000 generes (604160 tentatives)
  ... 48722/1000000 generes (609280 tentatives)
  ... 49127/1000000 generes (614400 tentatives)
  ... 49533/1000000 generes (619520 tentatives)
  ... 49935/1000000 generes (624640 tentatives)
  ... 50399/1000000 generes (629760 tentatives)
  ... 50811/1000000 generes (634880 tentatives)
  ... 51213/1000000 generes (640000 tentatives)
  ... 51628/1000000 generes (645120 tentatives)
  ... 52038/1000000 generes (650240 tentatives)
  ... 52406/1000000 generes (655360 tentatives)
  ... 52854/1000000 generes (660480 tentatives)
  ... 53260/1000000 generes (665600 tentatives)
  ... 53684/1000000 generes (670720 tentatives)
  ... 54103/1000000 generes (675840 tentatives)
  ... 54483/1000000 generes (680960 tentatives)
  ... 54876/1000000 generes (686080 tentatives)
  ... 55314/1000000 generes (691200 tentatives)
  ... 55737/1000000 generes (696320 tentatives)
  ... 56124/1000000 generes (701440 tentatives)
  ... 56550/1000000 generes (706560 tentatives)
  ... 56963/1000000 generes (711680 tentatives)
  ... 57365/1000000 generes (716800 tentatives)
  ... 57764/1000000 generes (721920 tentatives)
  ... 58183/1000000 generes (727040 tentatives)
  ... 58587/1000000 generes (732160 tentatives)
  ... 58987/1000000 generes (737280 tentatives)
  ... 59388/1000000 generes (742400 tentatives)
  ... 59766/1000000 generes (747520 tentatives)
  ... 60141/1000000 generes (752640 tentatives)
  ... 60556/1000000 generes (757760 tentatives)
  ... 60971/1000000 generes (762880 tentatives)
  ... 61407/1000000 generes (768000 tentatives)
  ... 61830/1000000 generes (773120 tentatives)
  ... 62223/1000000 generes (778240 tentatives)
  ... 62628/1000000 generes (783360 tentatives)
  ... 63027/1000000 generes (788480 tentatives)
  ... 63438/1000000 generes (793600 tentatives)
  ... 63857/1000000 generes (798720 tentatives)
  ... 64256/1000000 generes (803840 tentatives)
  ... 64637/1000000 generes (808960 tentatives)
  ... 65017/1000000 generes (814080 tentatives)
  ... 65432/1000000 generes (819200 tentatives)
  ... 65874/1000000 generes (824320 tentatives)
  ... 66262/1000000 generes (829440 tentatives)
  ... 66649/1000000 generes (834560 tentatives)
  ... 67047/1000000 generes (839680 tentatives)
  ... 67461/1000000 generes (844800 tentatives)
  ... 67862/1000000 generes (849920 tentatives)
  ... 68244/1000000 generes (855040 tentatives)
  ... 68636/1000000 generes (860160 tentatives)
  ... 69054/1000000 generes (865280 tentatives)
  ... 69460/1000000 generes (870400 tentatives)
  ... 69854/1000000 generes (875520 tentatives)
  ... 70272/1000000 generes (880640 tentatives)
  ... 70698/1000000 generes (885760 tentatives)
  ... 71128/1000000 generes (890880 tentatives)
  ... 71513/1000000 generes (896000 tentatives)
  ... 71907/1000000 generes (901120 tentatives)
  ... 72298/1000000 generes (906240 tentatives)
  ... 72728/1000000 generes (911360 tentatives)
  ... 73144/1000000 generes (916480 tentatives)
  ... 73529/1000000 generes (921600 tentatives)
  ... 73960/1000000 generes (926720 tentatives)
  ... 74356/1000000 generes (931840 tentatives)
  ... 74734/1000000 generes (936960 tentatives)
  ... 75139/1000000 generes (942080 tentatives)
  ... 75551/1000000 generes (947200 tentatives)
  ... 75924/1000000 generes (952320 tentatives)
  ... 76322/1000000 generes (957440 tentatives)
  ... 76736/1000000 generes (962560 tentatives)
  ... 77127/1000000 generes (967680 tentatives)
  ... 77514/1000000 generes (972800 tentatives)
  ... 77906/1000000 generes (977920 tentatives)
  ... 78285/1000000 generes (983040 tentatives)
  ... 78673/1000000 generes (988160 tentatives)
  ... 79062/1000000 generes (993280 tentatives)
  ... 79472/1000000 generes (998400 tentatives)
  ... 79908/1000000 generes (1003520 tentatives)
  ... 80286/1000000 generes (1008640 tentatives)
  ... 80683/1000000 generes (1013760 tentatives)
  ... 81060/1000000 generes (1018880 tentatives)
  ... 81446/1000000 generes (1024000 tentatives)
  ... 81862/1000000 generes (1029120 tentatives)
  ... 82258/1000000 generes (1034240 tentatives)
  ... 82674/1000000 generes (1039360 tentatives)
  ... 83084/1000000 generes (1044480 tentatives)
  ... 83497/1000000 generes (1049600 tentatives)
  ... 83865/1000000 generes (1054720 tentatives)
  ... 84258/1000000 generes (1059840 tentatives)
  ... 84657/1000000 generes (1064960 tentatives)
  ... 85032/1000000 generes (1070080 tentatives)
  ... 85432/1000000 generes (1075200 tentatives)
  ... 85813/1000000 generes (1080320 tentatives)
  ... 86253/1000000 generes (1085440 tentatives)
  ... 86641/1000000 generes (1090560 tentatives)
  ... 87015/1000000 generes (1095680 tentatives)
  ... 87395/1000000 generes (1100800 tentatives)
  ... 87766/1000000 generes (1105920 tentatives)
  ... 88176/1000000 generes (1111040 tentatives)
  ... 88570/1000000 generes (1116160 tentatives)
  ... 88995/1000000 generes (1121280 tentatives)
  ... 89412/1000000 generes (1126400 tentatives)
  ... 89799/1000000 generes (1131520 tentatives)
  ... 90194/1000000 generes (1136640 tentatives)
  ... 90601/1000000 generes (1141760 tentatives)
  ... 91010/1000000 generes (1146880 tentatives)
  ... 91422/1000000 generes (1152000 tentatives)
  ... 91813/1000000 generes (1157120 tentatives)
  ... 92224/1000000 generes (1162240 tentatives)
  ... 92612/1000000 generes (1167360 tentatives)
  ... 92986/1000000 generes (1172480 tentatives)
  ... 93417/1000000 generes (1177600 tentatives)
  ... 93839/1000000 generes (1182720 tentatives)
  ... 94231/1000000 generes (1187840 tentatives)
  ... 94639/1000000 generes (1192960 tentatives)
  ... 95050/1000000 generes (1198080 tentatives)
  ... 95457/1000000 generes (1203200 tentatives)
  ... 95869/1000000 generes (1208320 tentatives)
  ... 96278/1000000 generes (1213440 tentatives)
  ... 96648/1000000 generes (1218560 tentatives)
  ... 97042/1000000 generes (1223680 tentatives)
  ... 97442/1000000 generes (1228800 tentatives)
  ... 97854/1000000 generes (1233920 tentatives)
  ... 98253/1000000 generes (1239040 tentatives)
  ... 98648/1000000 generes (1244160 tentatives)
  ... 99009/1000000 generes (1249280 tentatives)
  ... 99434/1000000 generes (1254400 tentatives)
  ... 99853/1000000 generes (1259520 tentatives)
  ... 100240/1000000 generes (1264640 tentatives)
  ... 100624/1000000 generes (1269760 tentatives)
  ... 101044/1000000 generes (1274880 tentatives)
  ... 101404/1000000 generes (1280000 tentatives)
  ... 101786/1000000 generes (1285120 tentatives)
  ... 102164/1000000 generes (1290240 tentatives)
  ... 102529/1000000 generes (1295360 tentatives)
  ... 102926/1000000 generes (1300480 tentatives)
  ... 103313/1000000 generes (1305600 tentatives)
  ... 103727/1000000 generes (1310720 tentatives)
  ... 104119/1000000 generes (1315840 tentatives)
  ... 104538/1000000 generes (1320960 tentatives)
  ... 104941/1000000 generes (1326080 tentatives)
  ... 105320/1000000 generes (1331200 tentatives)
  ... 105712/1000000 generes (1336320 tentatives)
  ... 106118/1000000 generes (1341440 tentatives)
  ... 106545/1000000 generes (1346560 tentatives)
  ... 106969/1000000 generes (1351680 tentatives)
  ... 107369/1000000 generes (1356800 tentatives)
  ... 107770/1000000 generes (1361920 tentatives)
  ... 108151/1000000 generes (1367040 tentatives)
  ... 108564/1000000 generes (1372160 tentatives)
  ... 108936/1000000 generes (1377280 tentatives)
  ... 109353/1000000 generes (1382400 tentatives)
  ... 109753/1000000 generes (1387520 tentatives)
  ... 110108/1000000 generes (1392640 tentatives)
  ... 110534/1000000 generes (1397760 tentatives)
  ... 110885/1000000 generes (1402880 tentatives)
  ... 111297/1000000 generes (1408000 tentatives)
  ... 111677/1000000 generes (1413120 tentatives)
  ... 112064/1000000 generes (1418240 tentatives)
  ... 112454/1000000 generes (1423360 tentatives)
  ... 112860/1000000 generes (1428480 tentatives)
  ... 113275/1000000 generes (1433600 tentatives)
  ... 113691/1000000 generes (1438720 tentatives)
  ... 114091/1000000 generes (1443840 tentatives)
  ... 114524/1000000 generes (1448960 tentatives)
  ... 114913/1000000 generes (1454080 tentatives)
  ... 115302/1000000 generes (1459200 tentatives)
  ... 115680/1000000 generes (1464320 tentatives)
  ... 116056/1000000 generes (1469440 tentatives)
  ... 116482/1000000 generes (1474560 tentatives)
  ... 116882/1000000 generes (1479680 tentatives)
  ... 117308/1000000 generes (1484800 tentatives)
  ... 117675/1000000 generes (1489920 tentatives)
  ... 118111/1000000 generes (1495040 tentatives)
  ... 118518/1000000 generes (1500160 tentatives)
  ... 118959/1000000 generes (1505280 tentatives)
  ... 119353/1000000 generes (1510400 tentatives)
  ... 119781/1000000 generes (1515520 tentatives)
  ... 120173/1000000 generes (1520640 tentatives)
  ... 120582/1000000 generes (1525760 tentatives)
  ... 120961/1000000 generes (1530880 tentatives)
  ... 121381/1000000 generes (1536000 tentatives)
  ... 121780/1000000 generes (1541120 tentatives)
  ... 122144/1000000 generes (1546240 tentatives)
  ... 122548/1000000 generes (1551360 tentatives)
  ... 122974/1000000 generes (1556480 tentatives)
  ... 123374/1000000 generes (1561600 tentatives)
  ... 123767/1000000 generes (1566720 tentatives)
  ... 124149/1000000 generes (1571840 tentatives)
  ... 124539/1000000 generes (1576960 tentatives)
  ... 124947/1000000 generes (1582080 tentatives)
  ... 125330/1000000 generes (1587200 tentatives)
  ... 125724/1000000 generes (1592320 tentatives)
  ... 126099/1000000 generes (1597440 tentatives)
  ... 126490/1000000 generes (1602560 tentatives)
  ... 126930/1000000 generes (1607680 tentatives)
  ... 127338/1000000 generes (1612800 tentatives)
  ... 127747/1000000 generes (1617920 tentatives)
  ... 128155/1000000 generes (1623040 tentatives)
  ... 128553/1000000 generes (1628160 tentatives)
  ... 128985/1000000 generes (1633280 tentatives)
  ... 129388/1000000 generes (1638400 tentatives)
  ... 129806/1000000 generes (1643520 tentatives)
  ... 130194/1000000 generes (1648640 tentatives)
  ... 130575/1000000 generes (1653760 tentatives)
  ... 130966/1000000 generes (1658880 tentatives)
  ... 131360/1000000 generes (1664000 tentatives)
  ... 131773/1000000 generes (1669120 tentatives)
  ... 132142/1000000 generes (1674240 tentatives)
  ... 132555/1000000 generes (1679360 tentatives)
  ... 132951/1000000 generes (1684480 tentatives)
  ... 133338/1000000 generes (1689600 tentatives)
  ... 133736/1000000 generes (1694720 tentatives)
  ... 134110/1000000 generes (1699840 tentatives)
  ... 134510/1000000 generes (1704960 tentatives)
  ... 134917/1000000 generes (1710080 tentatives)
  ... 135332/1000000 generes (1715200 tentatives)
  ... 135747/1000000 generes (1720320 tentatives)
  ... 136142/1000000 generes (1725440 tentatives)
  ... 136554/1000000 generes (1730560 tentatives)
  ... 136935/1000000 generes (1735680 tentatives)
  ... 137353/1000000 generes (1740800 tentatives)
  ... 137768/1000000 generes (1745920 tentatives)
  ... 138190/1000000 generes (1751040 tentatives)
  ... 138583/1000000 generes (1756160 tentatives)
  ... 138992/1000000 generes (1761280 tentatives)
  ... 139411/1000000 generes (1766400 tentatives)
  ... 139799/1000000 generes (1771520 tentatives)
  ... 140179/1000000 generes (1776640 tentatives)
  ... 140578/1000000 generes (1781760 tentatives)
  ... 141024/1000000 generes (1786880 tentatives)
  ... 141427/1000000 generes (1792000 tentatives)
  ... 141831/1000000 generes (1797120 tentatives)
  ... 142238/1000000 generes (1802240 tentatives)
  ... 142648/1000000 generes (1807360 tentatives)
  ... 143028/1000000 generes (1812480 tentatives)
  ... 143420/1000000 generes (1817600 tentatives)
  ... 143803/1000000 generes (1822720 tentatives)
  ... 144199/1000000 generes (1827840 tentatives)
  ... 144639/1000000 generes (1832960 tentatives)
  ... 145028/1000000 generes (1838080 tentatives)
  ... 145435/1000000 generes (1843200 tentatives)
  ... 145817/1000000 generes (1848320 tentatives)
  ... 146218/1000000 generes (1853440 tentatives)
  ... 146555/1000000 generes (1858560 tentatives)
  ... 146989/1000000 generes (1863680 tentatives)
  ... 147395/1000000 generes (1868800 tentatives)
  ... 147804/1000000 generes (1873920 tentatives)
  ... 148190/1000000 generes (1879040 tentatives)
  ... 148581/1000000 generes (1884160 tentatives)
  ... 149001/1000000 generes (1889280 tentatives)
  ... 149374/1000000 generes (1894400 tentatives)
  ... 149784/1000000 generes (1899520 tentatives)
  ... 150185/1000000 generes (1904640 tentatives)
  ... 150601/1000000 generes (1909760 tentatives)
  ... 150972/1000000 generes (1914880 tentatives)
  ... 151394/1000000 generes (1920000 tentatives)
  ... 151776/1000000 generes (1925120 tentatives)
  ... 152120/1000000 generes (1930240 tentatives)
  ... 152545/1000000 generes (1935360 tentatives)
  ... 152933/1000000 generes (1940480 tentatives)
  ... 153341/1000000 generes (1945600 tentatives)
  ... 153725/1000000 generes (1950720 tentatives)
  ... 154100/1000000 generes (1955840 tentatives)
  ... 154532/1000000 generes (1960960 tentatives)
  ... 154910/1000000 generes (1966080 tentatives)
  ... 155307/1000000 generes (1971200 tentatives)
  ... 155678/1000000 generes (1976320 tentatives)
  ... 156062/1000000 generes (1981440 tentatives)
  ... 156437/1000000 generes (1986560 tentatives)
  ... 156851/1000000 generes (1991680 tentatives)
  ... 157235/1000000 generes (1996800 tentatives)
  ... 157639/1000000 generes (2001920 tentatives)
  ... 158088/1000000 generes (2007040 tentatives)
  ... 158491/1000000 generes (2012160 tentatives)
  ... 158898/1000000 generes (2017280 tentatives)
  ... 159294/1000000 generes (2022400 tentatives)
  ... 159686/1000000 generes (2027520 tentatives)
  ... 160103/1000000 generes (2032640 tentatives)
  ... 160521/1000000 generes (2037760 tentatives)
  ... 160948/1000000 generes (2042880 tentatives)
  ... 161345/1000000 generes (2048000 tentatives)
  ... 161781/1000000 generes (2053120 tentatives)
  ... 162176/1000000 generes (2058240 tentatives)
  ... 162609/1000000 generes (2063360 tentatives)
  ... 162986/1000000 generes (2068480 tentatives)
  ... 163388/1000000 generes (2073600 tentatives)
  ... 163778/1000000 generes (2078720 tentatives)
  ... 164199/1000000 generes (2083840 tentatives)
  ... 164601/1000000 generes (2088960 tentatives)
  ... 164990/1000000 generes (2094080 tentatives)
  ... 165389/1000000 generes (2099200 tentatives)
  ... 165760/1000000 generes (2104320 tentatives)
