
======================================================================
RUN DATE : 2026-04-19 10:57:17
MODELE   : TRANSFORMER
======================================================================

>>> Chargement ../../Data/eval.txt ...
>>> eval.txt : 1,999 mots de passe  (1,999 uniques)

======================================================================
EVALUATION TRANSFORMER vs EVAL.TXT
======================================================================

[10k] Chargement runss_transformer/10k.txt ...

  -- Metriques generales ------------------------------------------
  Mots de passe generes (total) : 10,000
  Mots de passe uniques         : 10,000
  TTR                           : 1.0000
  Longueur moyenne              : 7.80 chars
  Hits sur eval                 : 49
  Couverture eval               : 2.4512%
  Couverture bigrammes          : 67.72%  (2,167 / 3,200)

  -- Metriques de securite ----------------------------------------
  [OK]   Entropie reelle        : 40.86 bits  (cible >= 40 bits)
  [OK]   Taux de doublons       : 0.00%      (cible < 5%)

  Force des mots de passe (distribution) :
    Faible :  36.6%  ##################
    Moyen  :  58.8%  #############################
    Mixte  :   3.4%  # <-- CIBLE
    Fort   :   1.2%  

  [!!]   Mots Mixte+Fort  : 4.6%  (cible : Mixte dominant)
  [OK]   Couverture eval  : 2.4512%  (cible : Maximale)

  Exemples de hits (49) :
    - scorpion
    - dinosaur
    - 0okm9ijn
    - chris6
    - duffer
    - 123456789
    - cannibas
    - happy666
    - voyager
    - madman
  ------------------------------------------------------------

[100k] Chargement runss_transformer/100k.txt ...

  -- Metriques generales ------------------------------------------
  Mots de passe generes (total) : 100,000
  Mots de passe uniques         : 100,000
  TTR                           : 1.0000
  Longueur moyenne              : 7.73 chars
  Hits sur eval                 : 65
  Couverture eval               : 3.2516%
  Couverture bigrammes          : 92.47%  (2,959 / 3,200)

  -- Metriques de securite ----------------------------------------
  [OK]   Entropie reelle        : 40.37 bits  (cible >= 40 bits)
  [OK]   Taux de doublons       : 0.00%      (cible < 5%)

  Force des mots de passe (distribution) :
    Faible :  37.2%  ##################
    Moyen  :  58.9%  #############################
    Mixte  :   3.0%  # <-- CIBLE
    Fort   :   0.8%  

  [!!]   Mots Mixte+Fort  : 3.9%  (cible : Mixte dominant)
  [OK]   Couverture eval  : 3.2516%  (cible : Maximale)

  Exemples de hits (65) :
    - scorpion
    - dinosaur
    - 0okm9ijn
    - chris6
    - duffer
    - wwwwww
    - 123456789
    - cannibas
    - happy666
    - voyager
  ------------------------------------------------------------

[1M] Chargement runss_transformer/1M.txt ...

  -- Metriques generales ------------------------------------------
  Mots de passe generes (total) : 1,000,000
  Mots de passe uniques         : 1,000,000
  TTR                           : 1.0000
  Longueur moyenne              : 7.75 chars
  Hits sur eval                 : 143
  Couverture eval               : 7.1536%
  Couverture bigrammes          : 99.09%  (3,171 / 3,200)

  -- Metriques de securite ----------------------------------------
  [OK]   Entropie reelle        : 40.53 bits  (cible >= 40 bits)
  [OK]   Taux de doublons       : 0.00%      (cible < 5%)

  Force des mots de passe (distribution) :
    Faible :  36.5%  ##################
    Moyen  :  59.4%  #############################
    Mixte  :   3.2%  # <-- CIBLE
    Fort   :   0.9%  

  [!!]   Mots Mixte+Fort  : 4.1%  (cible : Mixte dominant)
  [OK]   Couverture eval  : 7.1536%  (cible : Maximale)

  Exemples de hits (143) :
    - scorpion
    - marcus
    - chino1
    - service1
    - chanter
    - duffer
    - cannibas
    - hotmail
    - wizards
    - carcar1
  ------------------------------------------------------------

======================================================================
DONE — evaluation Transformer terminee
======================================================================
>>> Log sauvegarde dans : evaluate_transformer_2.log
