
======================================================================
RUN DATE : 2026-04-14 19:41:22
MODELE   : LSTM
======================================================================
>>> Chargement eval.txt depuis : ../../Data/eval.txt
>>> eval.txt : 1,999 mots de passe

======================================================================
EVALUATION LSTM vs EVAL.TXT
======================================================================

[10k] Chargement runs/10k.txt ...

  -- Metriques generales ------------------------------------------
  Mots de passe generes (total) : 10,007
  Mots de passe uniques         : 10,007
  TTR                           : 1.0000
  Longueur moyenne              : 6.09 chars
  Hits sur eval                 : 0
  Couverture eval               : 0.0000%

  -- Metriques de securite ----------------------------------------
  [!!]   Entropie reelle        : 34.38 bits  (cible >= 40 bits)
  [OK]   Taux de doublons       : 0.00%      (cible < 5%)

  Force des mots de passe (distribution) :
    Faible :  47.7%  #######################
    Moyen  :  34.8%  #################
    Mixte  :  16.5%  ######## <-- CIBLE
    Fort   :   1.0%  

  [!!]   Mots de passe Mixte+Fort : 17.4%  (cible : Mixte dominant)
  [!!]   Couverture eval set       : 0.0000% (cible : Maximale)

[100k] Chargement runs/100k.txt ...

  -- Metriques generales ------------------------------------------
  Mots de passe generes (total) : 100,015
  Mots de passe uniques         : 100,015
  TTR                           : 1.0000
  Longueur moyenne              : 6.11 chars
  Hits sur eval                 : 0
  Couverture eval               : 0.0000%

  -- Metriques de securite ----------------------------------------
  [!!]   Entropie reelle        : 34.51 bits  (cible >= 40 bits)
  [OK]   Taux de doublons       : 0.00%      (cible < 5%)

  Force des mots de passe (distribution) :
    Faible :  46.9%  #######################
    Moyen  :  35.1%  #################
    Mixte  :  17.1%  ######## <-- CIBLE
    Fort   :   1.0%  

  [!!]   Mots de passe Mixte+Fort : 18.0%  (cible : Mixte dominant)
  [!!]   Couverture eval set       : 0.0000% (cible : Maximale)

[1M] FICHIER INTROUVABLE : runs/1M.txt

======================================================================
DONE -- evaluation LSTM terminee
======================================================================
>>> Log sauvegarde dans : evaluate_lstm.log
