
======================================================================
RUN DATE : 2026-04-18 18:15:49
MODELE   : TRANSFORMER
======================================================================

>>> Chargement ../../Data/eval.txt ...
>>> eval.txt : 2,000 mots de passe  (2,000 uniques)

======================================================================
EVALUATION TRANSFORMER vs EVAL.TXT
======================================================================

[10k] Chargement runs_2/10k.txt ...

  -- Metriques generales ------------------------------------------
  Mots de passe generes (total) : 10,000
  Mots de passe uniques         : 10,000
  TTR                           : 1.0000
  Longueur moyenne              : 7.91 chars
  Hits sur eval                 : 1
  Couverture eval               : 0.0500%
  Couverture bigrammes          : 96.40%  (1,311 / 1,360)

  -- Metriques de securite ----------------------------------------
  [OK]   Entropie reelle        : 42.44 bits  (cible >= 40 bits)
  [OK]   Taux de doublons       : 0.00%      (cible < 5%)

  Force des mots de passe (distribution) :
    Faible :  32.4%  ################
    Moyen  :  59.7%  #############################
    Mixte  :   5.6%  ## <-- CIBLE
    Fort   :   2.3%  #

  [!!]   Mots Mixte+Fort  : 7.9%  (cible : Mixte dominant)
  [OK]   Couverture eval  : 0.0500%  (cible : Maximale)

  Exemples de hits (1) :
    - diggie
  ------------------------------------------------------------

[100k] Chargement runs_2/100k.txt ...

  -- Metriques generales ------------------------------------------
  Mots de passe generes (total) : 100,000
  Mots de passe uniques         : 100,000
  TTR                           : 1.0000
  Longueur moyenne              : 7.80 chars
  Hits sur eval                 : 9
  Couverture eval               : 0.4500%
  Couverture bigrammes          : 99.78%  (1,357 / 1,360)

  -- Metriques de securite ----------------------------------------
  [OK]   Entropie reelle        : 41.64 bits  (cible >= 40 bits)
  [OK]   Taux de doublons       : 0.00%      (cible < 5%)

  Force des mots de passe (distribution) :
    Faible :  35.6%  #################
    Moyen  :  57.4%  ############################
    Mixte  :   5.0%  ## <-- CIBLE
    Fort   :   2.0%  

  [!!]   Mots Mixte+Fort  : 7.0%  (cible : Mixte dominant)
  [OK]   Couverture eval  : 0.4500%  (cible : Maximale)

  Exemples de hits (9) :
    - chevy111
    - antwan
    - teeter
    - bubbers
    - tiger22
    - duster
    - 4terry
    - cotter
    - tebone
  ------------------------------------------------------------

[1M] Chargement runs_2/1M.txt ...

  -- Metriques generales ------------------------------------------
  Mots de passe generes (total) : 1,000,000
  Mots de passe uniques         : 1,000,000
  TTR                           : 1.0000
  Longueur moyenne              : 7.82 chars
  Hits sur eval                 : 52
  Couverture eval               : 2.6000%
  Couverture bigrammes          : 100.00%  (1,360 / 1,360)

  -- Metriques de securite ----------------------------------------
  [OK]   Entropie reelle        : 41.76 bits  (cible >= 40 bits)
  [OK]   Taux de doublons       : 0.00%      (cible < 5%)

  Force des mots de passe (distribution) :
    Faible :  35.2%  #################
    Moyen  :  57.7%  ############################
    Mixte  :   5.1%  ## <-- CIBLE
    Fort   :   2.0%  

  [!!]   Mots Mixte+Fort  : 7.1%  (cible : Mixte dominant)
  [OK]   Couverture eval  : 2.6000%  (cible : Maximale)

  Exemples de hits (52) :
    - footboy
    - rider1
    - gizzy1
    - football03
    - 100469
    - 2money
    - anjank
    - sassy12
    - cotter
    - scooby
  ------------------------------------------------------------

======================================================================
DONE — evaluation lstm terminee
======================================================================
>>> Log sauvegarde dans : evaluate_lstm2_2.log
