=== GPU disponible ===
Sat Apr 18 10:42:34 2026       
+---------------------------------------------------------------------------------------+
| NVIDIA-SMI 530.30.02              Driver Version: 530.30.02    CUDA Version: 12.1     |
|-----------------------------------------+----------------------+----------------------+
| GPU  Name                  Persistence-M| Bus-Id        Disp.A | Volatile Uncorr. ECC |
| Fan  Temp  Perf            Pwr:Usage/Cap|         Memory-Usage | GPU-Util  Compute M. |
|                                         |                      |               MIG M. |
|=========================================+======================+======================|
|   0  Tesla P100-PCIE-16GB            Off| 00000000:AF:00.0 Off |                    0 |
| N/A   39C    P0               27W / 250W|      0MiB / 16384MiB |      1%      Default |
|                                         |                      |                  N/A |
+-----------------------------------------+----------------------+----------------------+
                                                                                         
+---------------------------------------------------------------------------------------+
| Processes:                                                                            |
|  GPU   GI   CI        PID   Type   Process name                            GPU Memory |
|        ID   ID                                                             Usage      |
|=======================================================================================|
|  No running processes found                                                           |
+---------------------------------------------------------------------------------------+
=== Debut generation ===
/home/nas-wks01/users/uapv2600478/.local/lib/python3.6/site-packages/tensorflow/python/framework/dtypes.py:516: FutureWarning: Passing (type, 1) or '1type' as a synonym of type is deprecated; in a future version of numpy, it will be understood as (type, (1,)) / '(1,)type'.
  _np_qint8 = np.dtype([("qint8", np.int8, 1)])
/home/nas-wks01/users/uapv2600478/.local/lib/python3.6/site-packages/tensorflow/python/framework/dtypes.py:517: FutureWarning: Passing (type, 1) or '1type' as a synonym of type is deprecated; in a future version of numpy, it will be understood as (type, (1,)) / '(1,)type'.
  _np_quint8 = np.dtype([("quint8", np.uint8, 1)])
/home/nas-wks01/users/uapv2600478/.local/lib/python3.6/site-packages/tensorflow/python/framework/dtypes.py:518: FutureWarning: Passing (type, 1) or '1type' as a synonym of type is deprecated; in a future version of numpy, it will be understood as (type, (1,)) / '(1,)type'.
  _np_qint16 = np.dtype([("qint16", np.int16, 1)])
/home/nas-wks01/users/uapv2600478/.local/lib/python3.6/site-packages/tensorflow/python/framework/dtypes.py:519: FutureWarning: Passing (type, 1) or '1type' as a synonym of type is deprecated; in a future version of numpy, it will be understood as (type, (1,)) / '(1,)type'.
  _np_quint16 = np.dtype([("quint16", np.uint16, 1)])
/home/nas-wks01/users/uapv2600478/.local/lib/python3.6/site-packages/tensorflow/python/framework/dtypes.py:520: FutureWarning: Passing (type, 1) or '1type' as a synonym of type is deprecated; in a future version of numpy, it will be understood as (type, (1,)) / '(1,)type'.
  _np_qint32 = np.dtype([("qint32", np.int32, 1)])
/home/nas-wks01/users/uapv2600478/.local/lib/python3.6/site-packages/tensorflow/python/framework/dtypes.py:525: FutureWarning: Passing (type, 1) or '1type' as a synonym of type is deprecated; in a future version of numpy, it will be understood as (type, (1,)) / '(1,)type'.
  np_resource = np.dtype([("resource", np.ubyte, 1)])
/home/nas-wks01/users/uapv2600478/.local/lib/python3.6/site-packages/tensorboard/compat/tensorflow_stub/dtypes.py:541: FutureWarning: Passing (type, 1) or '1type' as a synonym of type is deprecated; in a future version of numpy, it will be understood as (type, (1,)) / '(1,)type'.
  _np_qint8 = np.dtype([("qint8", np.int8, 1)])
/home/nas-wks01/users/uapv2600478/.local/lib/python3.6/site-packages/tensorboard/compat/tensorflow_stub/dtypes.py:542: FutureWarning: Passing (type, 1) or '1type' as a synonym of type is deprecated; in a future version of numpy, it will be understood as (type, (1,)) / '(1,)type'.
  _np_quint8 = np.dtype([("quint8", np.uint8, 1)])
/home/nas-wks01/users/uapv2600478/.local/lib/python3.6/site-packages/tensorboard/compat/tensorflow_stub/dtypes.py:543: FutureWarning: Passing (type, 1) or '1type' as a synonym of type is deprecated; in a future version of numpy, it will be understood as (type, (1,)) / '(1,)type'.
  _np_qint16 = np.dtype([("qint16", np.int16, 1)])
/home/nas-wks01/users/uapv2600478/.local/lib/python3.6/site-packages/tensorboard/compat/tensorflow_stub/dtypes.py:544: FutureWarning: Passing (type, 1) or '1type' as a synonym of type is deprecated; in a future version of numpy, it will be understood as (type, (1,)) / '(1,)type'.
  _np_quint16 = np.dtype([("quint16", np.uint16, 1)])
/home/nas-wks01/users/uapv2600478/.local/lib/python3.6/site-packages/tensorboard/compat/tensorflow_stub/dtypes.py:545: FutureWarning: Passing (type, 1) or '1type' as a synonym of type is deprecated; in a future version of numpy, it will be understood as (type, (1,)) / '(1,)type'.
  _np_qint32 = np.dtype([("qint32", np.int32, 1)])
/home/nas-wks01/users/uapv2600478/.local/lib/python3.6/site-packages/tensorboard/compat/tensorflow_stub/dtypes.py:550: FutureWarning: Passing (type, 1) or '1type' as a synonym of type is deprecated; in a future version of numpy, it will be understood as (type, (1,)) / '(1,)type'.
  np_resource = np.dtype([("resource", np.ubyte, 1)])
WARNING:tensorflow:From generate_lstm.py:30: The name tf.ConfigProto is deprecated. Please use tf.compat.v1.ConfigProto instead.

WARNING:tensorflow:From generate_lstm.py:35: The name tf.Session is deprecated. Please use tf.compat.v1.Session instead.

WARNING:tensorflow:From generate_lstm.py:36: The name tf.keras.backend.set_session is deprecated. Please use tf.compat.v1.keras.backend.set_session instead.

[WARNING] Aucun GPU detecte

Chargement vocabulaire 'vocabulary.json'...
Vocabulaire : 95 caracteres

Construction modele LSTM sur /GPU:0 ...
WARNING:tensorflow:From /home/nas-wks01/users/uapv2600478/.local/lib/python3.6/site-packages/tensorflow/python/keras/initializers.py:119: calling RandomUniform.__init__ (from tensorflow.python.ops.init_ops) with dtype is deprecated and will be removed in a future version.
Instructions for updating:
Call initializer instance with the dtype argument instead of passing it to the constructor
WARNING:tensorflow:From /home/nas-wks01/users/uapv2600478/.local/lib/python3.6/site-packages/tensorflow/python/ops/init_ops.py:1251: calling VarianceScaling.__init__ (from tensorflow.python.ops.init_ops) with dtype is deprecated and will be removed in a future version.
Instructions for updating:
Call initializer instance with the dtype argument instead of passing it to the constructor
Chargement poids 'lstm_best_model.h5'...
Warm-up GPU...
GPU pret.

Chargement train '../../Data/train.txt'...
Train : 375,852 mots de passe
Chargement eval '../../Data/eval.txt'...
Eval  : 2,000 mots de passe

Construction des pools de seeds...
  Pool seeds train : 1,079,178
  Pool seeds eval  : 2,000

=================================================================
Generation 10,000 mots de passe -> runs_2/10k.txt
  min_len=6, max_len=20, batch=2048, temps=(0.8, 1.0, 1.2, 1.4)
=================================================================
      10,000 /     10,000  |     298 pwd/s  |  33.5s  |  ETA 0s
  Fichier ecrit : runs_2/10k.txt  (0.09 MB)  en 33.5s

=================================================================
Generation 100,000 mots de passe -> runs_2/100k.txt
  min_len=6, max_len=20, batch=2048, temps=(0.8, 1.0, 1.2, 1.4)
=================================================================
      10,096 /    100,000  |     303 pwd/s  |  33.3s  |  ETA 296s
      20,333 /    100,000  |     311 pwd/s  |  65.3s  |  ETA 256s
      30,819 /    100,000  |     312 pwd/s  |  98.9s  |  ETA 222s
      40,963 /    100,000  |     303 pwd/s  |  135.2s  |  ETA 195s
      51,060 /    100,000  |     300 pwd/s  |  170.0s  |  ETA 163s
      61,318 /    100,000  |     301 pwd/s  |  203.7s  |  ETA 129s
      71,486 /    100,000  |     301 pwd/s  |  237.2s  |  ETA 95s
      81,738 /    100,000  |     304 pwd/s  |  268.6s  |  ETA 60s
      92,150 /    100,000  |     304 pwd/s  |  303.4s  |  ETA 26s
     100,000 /    100,000  |     303 pwd/s  |  330.2s  |  ETA 0s
  Fichier ecrit : runs_2/100k.txt  (0.88 MB)  en 330.2s

=================================================================
Generation 1,000,000 mots de passe -> runs_2/1M.txt
  min_len=6, max_len=20, batch=2048, temps=(0.8, 1.0, 1.2, 1.4)
=================================================================
      10,264 /  1,000,000  |     290 pwd/s  |  35.5s  |  ETA 3419s
      20,424 /  1,000,000  |     288 pwd/s  |  70.9s  |  ETA 3400s
      30,519 /  1,000,000  |     295 pwd/s  |  103.4s  |  ETA 3283s
      40,523 /  1,000,000  |     297 pwd/s  |  136.5s  |  ETA 3232s
      50,811 /  1,000,000  |     296 pwd/s  |  171.9s  |  ETA 3210s
      61,078 /  1,000,000  |     295 pwd/s  |  207.0s  |  ETA 3182s
      71,397 /  1,000,000  |     294 pwd/s  |  242.5s  |  ETA 3154s
      81,605 /  1,000,000  |     295 pwd/s  |  276.2s  |  ETA 3108s
      91,898 /  1,000,000  |     292 pwd/s  |  315.1s  |  ETA 3113s
     102,105 /  1,000,000  |     293 pwd/s  |  348.3s  |  ETA 3063s
     112,243 /  1,000,000  |     294 pwd/s  |  381.8s  |  ETA 3020s
     122,695 /  1,000,000  |     296 pwd/s  |  414.2s  |  ETA 2962s
     132,794 /  1,000,000  |     297 pwd/s  |  446.6s  |  ETA 2917s
     143,085 /  1,000,000  |     296 pwd/s  |  484.1s  |  ETA 2899s
     153,219 /  1,000,000  |     296 pwd/s  |  518.2s  |  ETA 2864s
     163,256 /  1,000,000  |     297 pwd/s  |  550.3s  |  ETA 2820s
     173,465 /  1,000,000  |     298 pwd/s  |  581.7s  |  ETA 2772s
     183,588 /  1,000,000  |     298 pwd/s  |  616.7s  |  ETA 2743s
     193,646 /  1,000,000  |     299 pwd/s  |  648.2s  |  ETA 2699s
     203,708 /  1,000,000  |     299 pwd/s  |  680.8s  |  ETA 2661s
     213,758 /  1,000,000  |     298 pwd/s  |  717.3s  |  ETA 2638s
     223,983 /  1,000,000  |     298 pwd/s  |  751.3s  |  ETA 2603s
     234,285 /  1,000,000  |     298 pwd/s  |  785.9s  |  ETA 2568s
     244,522 /  1,000,000  |     298 pwd/s  |  821.8s  |  ETA 2539s
     254,585 /  1,000,000  |     298 pwd/s  |  853.2s  |  ETA 2498s
     265,058 /  1,000,000  |     299 pwd/s  |  887.8s  |  ETA 2462s
     275,578 /  1,000,000  |     299 pwd/s  |  921.3s  |  ETA 2422s
     285,846 /  1,000,000  |     300 pwd/s  |  953.9s  |  ETA 2383s
     296,203 /  1,000,000  |     299 pwd/s  |  989.0s  |  ETA 2350s
     306,615 /  1,000,000  |     299 pwd/s  |  1024.0s  |  ETA 2316s
     316,654 /  1,000,000  |     299 pwd/s  |  1058.2s  |  ETA 2284s
     326,973 /  1,000,000  |     299 pwd/s  |  1093.3s  |  ETA 2250s
     337,174 /  1,000,000  |     299 pwd/s  |  1127.0s  |  ETA 2216s
     347,610 /  1,000,000  |     300 pwd/s  |  1157.6s  |  ETA 2173s
     357,719 /  1,000,000  |     300 pwd/s  |  1193.1s  |  ETA 2142s
     367,825 /  1,000,000  |     300 pwd/s  |  1225.6s  |  ETA 2106s
     377,907 /  1,000,000  |     300 pwd/s  |  1259.7s  |  ETA 2074s
     387,956 /  1,000,000  |     301 pwd/s  |  1290.9s  |  ETA 2037s
     398,117 /  1,000,000  |     300 pwd/s  |  1326.6s  |  ETA 2006s
     408,378 /  1,000,000  |     300 pwd/s  |  1362.0s  |  ETA 1973s
     418,519 /  1,000,000  |     299 pwd/s  |  1397.9s  |  ETA 1942s
     428,748 /  1,000,000  |     299 pwd/s  |  1432.2s  |  ETA 1908s
     438,828 /  1,000,000  |     299 pwd/s  |  1466.9s  |  ETA 1876s
     449,022 /  1,000,000  |     299 pwd/s  |  1500.0s  |  ETA 1841s
     459,241 /  1,000,000  |     299 pwd/s  |  1534.3s  |  ETA 1807s
     469,301 /  1,000,000  |     299 pwd/s  |  1568.5s  |  ETA 1774s
     479,608 /  1,000,000  |     299 pwd/s  |  1602.2s  |  ETA 1738s
     490,105 /  1,000,000  |     299 pwd/s  |  1638.0s  |  ETA 1704s
     500,285 /  1,000,000  |     299 pwd/s  |  1673.3s  |  ETA 1671s
     510,329 /  1,000,000  |     299 pwd/s  |  1705.4s  |  ETA 1636s
     520,518 /  1,000,000  |     299 pwd/s  |  1741.2s  |  ETA 1604s
     530,654 /  1,000,000  |     299 pwd/s  |  1775.4s  |  ETA 1570s
     540,922 /  1,000,000  |     299 pwd/s  |  1811.7s  |  ETA 1538s
     551,061 /  1,000,000  |     299 pwd/s  |  1845.8s  |  ETA 1504s
     561,437 /  1,000,000  |     299 pwd/s  |  1879.9s  |  ETA 1468s
     571,493 /  1,000,000  |     299 pwd/s  |  1912.4s  |  ETA 1434s
     581,554 /  1,000,000  |     299 pwd/s  |  1945.3s  |  ETA 1400s
     591,681 /  1,000,000  |     299 pwd/s  |  1979.1s  |  ETA 1366s
     601,780 /  1,000,000  |     299 pwd/s  |  2011.4s  |  ETA 1331s
     611,823 /  1,000,000  |     299 pwd/s  |  2044.2s  |  ETA 1297s
     622,072 /  1,000,000  |     299 pwd/s  |  2079.7s  |  ETA 1263s
     632,557 /  1,000,000  |     299 pwd/s  |  2115.2s  |  ETA 1229s
     642,779 /  1,000,000  |     299 pwd/s  |  2148.9s  |  ETA 1194s
     652,968 /  1,000,000  |     299 pwd/s  |  2182.9s  |  ETA 1160s
     663,166 /  1,000,000  |     299 pwd/s  |  2219.2s  |  ETA 1127s
     673,587 /  1,000,000  |     299 pwd/s  |  2252.2s  |  ETA 1091s
     683,775 /  1,000,000  |     299 pwd/s  |  2288.4s  |  ETA 1058s
     694,094 /  1,000,000  |     299 pwd/s  |  2323.9s  |  ETA 1024s
     704,190 /  1,000,000  |     299 pwd/s  |  2356.6s  |  ETA 990s
     714,437 /  1,000,000  |     299 pwd/s  |  2391.8s  |  ETA 956s
     724,563 /  1,000,000  |     299 pwd/s  |  2426.3s  |  ETA 922s
     734,658 /  1,000,000  |     299 pwd/s  |  2458.2s  |  ETA 888s
     744,937 /  1,000,000  |     299 pwd/s  |  2491.5s  |  ETA 853s
     754,962 /  1,000,000  |     299 pwd/s  |  2525.2s  |  ETA 820s
     765,319 /  1,000,000  |     299 pwd/s  |  2561.4s  |  ETA 785s
     775,513 /  1,000,000  |     299 pwd/s  |  2596.3s  |  ETA 752s
     785,830 /  1,000,000  |     299 pwd/s  |  2629.3s  |  ETA 717s
     795,874 /  1,000,000  |     299 pwd/s  |  2666.0s  |  ETA 684s
     806,095 /  1,000,000  |     299 pwd/s  |  2700.0s  |  ETA 649s
     816,505 /  1,000,000  |     299 pwd/s  |  2735.0s  |  ETA 615s
     826,581 /  1,000,000  |     299 pwd/s  |  2767.4s  |  ETA 581s
     837,085 /  1,000,000  |     299 pwd/s  |  2802.2s  |  ETA 545s
     847,309 /  1,000,000  |     299 pwd/s  |  2838.5s  |  ETA 512s
     857,526 /  1,000,000  |     298 pwd/s  |  2873.2s  |  ETA 477s
     867,755 /  1,000,000  |     298 pwd/s  |  2911.0s  |  ETA 444s
     877,961 /  1,000,000  |     298 pwd/s  |  2946.5s  |  ETA 410s
     888,335 /  1,000,000  |     297 pwd/s  |  2986.1s  |  ETA 375s
     898,716 /  1,000,000  |     297 pwd/s  |  3024.9s  |  ETA 341s
     909,153 /  1,000,000  |     297 pwd/s  |  3064.3s  |  ETA 306s
     919,176 /  1,000,000  |     296 pwd/s  |  3102.6s  |  ETA 273s
     929,621 /  1,000,000  |     296 pwd/s  |  3141.6s  |  ETA 238s
     939,913 /  1,000,000  |     296 pwd/s  |  3178.3s  |  ETA 203s
     950,008 /  1,000,000  |     295 pwd/s  |  3216.0s  |  ETA 169s
     960,274 /  1,000,000  |     295 pwd/s  |  3255.0s  |  ETA 135s
     970,312 /  1,000,000  |     295 pwd/s  |  3290.1s  |  ETA 101s
     980,622 /  1,000,000  |     294 pwd/s  |  3330.8s  |  ETA 66s
     990,731 /  1,000,000  |     294 pwd/s  |  3364.9s  |  ETA 31s
   1,000,000 /  1,000,000  |     294 pwd/s  |  3398.2s  |  ETA 0s
  Fichier ecrit : runs_2/1M.txt  (8.82 MB)  en 3398.3s

=================================================================
GENERATION COMPLETE en 3762.1s
=================================================================
  10k.txt       0.09 MB
  100k.txt      0.88 MB
  1M.txt        8.82 MB
=== Fin generation ===
